{"logTime": "1221/014822", "correlationVector":"rucFGxRPgSTEMXRWONXgyH.93","action":"GetUpdates", "result":"DeleteReceived", "context":{"id":"dda4a34b-3b35-45e7-8508-f94848ec938a", "isDeleted:":"true", "version":"1701669664289"}}
{"logTime": "1221/014822", "correlationVector":"rucFGxRPgSTEMXRWONXgyH.94","action":"GetUpdates", "result":"DeleteReceived", "context":{"id":"037b0318-d4ea-4d4e-b041-0afc4522f59d", "isDeleted:":"true", "version":"1701677559572"}}
{"logTime": "1221/014822", "correlationVector":"rucFGxRPgSTEMXRWONXgyH.95","action":"GetUpdates", "result":"DeleteReceived", "context":{"id":"f7213929-ab7d-470d-abf8-86a05a28a766", "isDeleted:":"true", "version":"1701677903095"}}
{"logTime": "1221/014822", "correlationVector":"rucFGxRPgSTEMXRWONXgyH.96","action":"GetUpdates", "result":"DeleteReceived", "context":{"id":"0b6bda13-a4ea-40ff-bce3-ad6b9955f2f5", "isDeleted:":"true", "version":"1701678476061"}}
{"logTime": "1221/014822", "correlationVector":"rucFGxRPgSTEMXRWONXgyH.97","action":"GetUpdates", "result":"DeleteReceived", "context":{"id":"40346228-8415-4c75-bec4-1c3435d248c0", "isDeleted:":"true", "version":"1701707013806"}}
{"logTime": "1221/014822", "correlationVector":"rucFGxRPgSTEMXRWONXgyH.98","action":"GetUpdates", "result":"DeleteReceived", "context":{"id":"214085ea-aba6-4d9e-b462-3b6a4317c2ae", "isDeleted:":"true", "version":"1701754645983"}}
{"logTime": "1221/014822", "correlationVector":"rucFGxRPgSTEMXRWONXgyH.99","action":"GetUpdates", "result":"DeleteReceived", "context":{"id":"d4de7cf2-cdd3-43f0-9481-de4bac84cdcd", "isDeleted:":"true", "version":"1701754645984"}}
{"logTime": "1221/014822", "correlationVector":"rucFGxRPgSTEMXRWONXgyH.100","action":"GetUpdates", "result":"DeleteReceived", "context":{"id":"ae7a2117-37f9-4ce5-8e9f-fb6e25e91610", "isDeleted:":"true", "version":"1701754645986"}}
{"logTime": "1221/014822", "correlationVector":"rucFGxRPgSTEMXRWONXgyH.101","action":"GetUpdates", "result":"DeleteReceived", "context":{"id":"6d075ed7-9a20-4746-8b76-199a36a12949", "isDeleted:":"true", "version":"1701759172588"}}
{"logTime": "1221/014822", "correlationVector":"rucFGxRPgSTEMXRWONXgyH.102","action":"GetUpdates", "result":"DeleteReceived", "context":{"id":"8362efa7-4610-4a67-87cc-7b5749e348fe", "isDeleted:":"true", "version":"1701760111744"}}
{"logTime": "1221/014822", "correlationVector":"rucFGxRPgSTEMXRWONXgyH.103","action":"GetUpdates", "result":"DeleteReceived", "context":{"id":"0aa45fe9-5614-4567-979b-1f80404b4ea1", "isDeleted:":"true", "version":"1701760927746"}}
{"logTime": "1221/014822", "correlationVector":"rucFGxRPgSTEMXRWONXgyH.104","action":"GetUpdates", "result":"DeleteReceived", "context":{"id":"d9e70d62-ba77-47c0-bb4a-0c3c005e995a", "isDeleted:":"true", "version":"1701761042302"}}
{"logTime": "1221/014822", "correlationVector":"rucFGxRPgSTEMXRWONXgyH.105","action":"GetUpdates", "result":"DeleteReceived", "context":{"id":"df76fcc8-00e2-44f1-8106-4db3f3138c47", "isDeleted:":"true", "version":"1701761133773"}}
{"logTime": "1221/014822", "correlationVector":"rucFGxRPgSTEMXRWONXgyH.106","action":"GetUpdates", "result":"DeleteReceived", "context":{"id":"5207265f-31bc-45a7-8594-273334221ecb", "isDeleted:":"true", "version":"1701761289743"}}
{"logTime": "1221/014822", "correlationVector":"rucFGxRPgSTEMXRWONXgyH.107","action":"GetUpdates", "result":"DeleteReceived", "context":{"id":"23353e49-8a7a-44c8-a3a7-c3636b213894", "isDeleted:":"true", "version":"1701998674511"}}
{"logTime": "1221/014822", "correlationVector":"rucFGxRPgSTEMXRWONXgyH.108","action":"GetUpdates", "result":"DeleteReceived", "context":{"id":"1c3ca058-610b-4aa2-b4e8-b15901b9700e", "isDeleted:":"true", "version":"1701998674512"}}
{"logTime": "1221/014822", "correlationVector":"rucFGxRPgSTEMXRWONXgyH.109","action":"GetUpdates", "result":"DeleteReceived", "context":{"id":"7759d56e-6ab2-4ac1-93f5-535e48f99431", "isDeleted:":"true", "version":"1701998745304"}}
{"logTime": "1221/014822", "correlationVector":"rucFGxRPgSTEMXRWONXgyH.110","action":"GetUpdates", "result":"DeleteReceived", "context":{"id":"8f998231-7ca0-40d5-8dba-c62f2ba2e1a0", "isDeleted:":"true", "version":"1701998745306"}}
{"logTime": "1221/014822", "correlationVector":"rucFGxRPgSTEMXRWONXgyH.111","action":"GetUpdates", "result":"DeleteReceived", "context":{"id":"41483c3a-d195-4b01-b0f6-3dcedadc5920", "isDeleted:":"true", "version":"1701998753729"}}
{"logTime": "1221/014822", "correlationVector":"rucFGxRPgSTEMXRWONXgyH.112","action":"GetUpdates", "result":"DeleteReceived", "context":{"id":"3f8758a9-0af2-4e5b-ad49-f975b151e2c2", "isDeleted:":"true", "version":"1701998794756"}}
{"logTime": "1221/014822", "correlationVector":"rucFGxRPgSTEMXRWONXgyH.113","action":"GetUpdates", "result":"DeleteReceived", "context":{"id":"e489ef3b-21cc-4526-8fde-833a86697094", "isDeleted:":"true", "version":"1701998870148"}}
{"logTime": "1221/014822", "correlationVector":"rucFGxRPgSTEMXRWONXgyH.114","action":"GetUpdates", "result":"DeleteReceived", "context":{"id":"195a20a8-fab5-4456-bf8f-7b6b3841baba", "isDeleted:":"true", "version":"1701998919106"}}
{"logTime": "1221/014822", "correlationVector":"rucFGxRPgSTEMXRWONXgyH.115","action":"GetUpdates", "result":"DeleteReceived", "context":{"id":"77235b2c-c60e-4a63-881f-f0a1964d8be2", "isDeleted:":"true", "version":"1702138619691"}}
{"logTime": "1221/014822", "correlationVector":"rucFGxRPgSTEMXRWONXgyH.116","action":"GetUpdates", "result":"DeleteReceived", "context":{"id":"9435729c-e721-47ae-a3b9-6561461d8cfc", "isDeleted:":"true", "version":"1702138686458"}}
{"logTime": "1221/014822", "correlationVector":"rucFGxRPgSTEMXRWONXgyH.117","action":"GetUpdates", "result":"DeleteReceived", "context":{"id":"34d39bd0-3b5f-427b-9632-c20607530f63", "isDeleted:":"true", "version":"1702138688697"}}
{"logTime": "1221/014822", "correlationVector":"rucFGxRPgSTEMXRWONXgyH.118","action":"GetUpdates", "result":"DeleteReceived", "context":{"id":"5b2af3d9-0a6d-4387-adec-ee8393f23909", "isDeleted:":"true", "version":"1702138688698"}}
{"logTime": "1221/014822", "correlationVector":"rucFGxRPgSTEMXRWONXgyH.119","action":"GetUpdates", "result":"DeleteReceived", "context":{"id":"6ff56759-e7f2-4793-85ee-2f2881f962b7", "isDeleted:":"true", "version":"1702138690606"}}
{"logTime": "1221/014822", "correlationVector":"rucFGxRPgSTEMXRWONXgyH.120","action":"GetUpdates", "result":"DeleteReceived", "context":{"id":"39c37314-2c4d-48de-97d8-5eef94ba8e8c", "isDeleted:":"true", "version":"1702282576451"}}
{"logTime": "1221/014822", "correlationVector":"rucFGxRPgSTEMXRWONXgyH.121","action":"GetUpdates", "result":"DeleteReceived", "context":{"id":"ac9e9cae-f58f-4617-a203-d7f2e62256f2", "isDeleted:":"true", "version":"1702282700315"}}
{"logTime": "1221/014822", "correlationVector":"rucFGxRPgSTEMXRWONXgyH.122","action":"GetUpdates", "result":"DeleteReceived", "context":{"id":"89b6d636-7166-4d54-8119-53053303c82e", "isDeleted:":"true", "version":"1702282706403"}}
{"logTime": "1221/014822", "correlationVector":"rucFGxRPgSTEMXRWONXgyH.123","action":"GetUpdates", "result":"DeleteReceived", "context":{"id":"2f4391fc-e1ff-49e5-8686-8af9d069fb46", "isDeleted:":"true", "version":"1702282821814"}}
{"logTime": "1221/014822", "correlationVector":"rucFGxRPgSTEMXRWONXgyH.124","action":"GetUpdates", "result":"DeleteReceived", "context":{"id":"e6aa2f1b-ea18-44ec-9399-052f43183764", "isDeleted:":"true", "version":"1702361916440"}}
{"logTime": "1221/014822", "correlationVector":"rucFGxRPgSTEMXRWONXgyH.125","action":"GetUpdates", "result":"DeleteReceived", "context":{"id":"03f19177-e6f3-45a6-8f35-83998efb73a0", "isDeleted:":"true", "version":"1702361916441"}}
{"logTime": "1221/014822", "correlationVector":"rucFGxRPgSTEMXRWONXgyH.126","action":"GetUpdates", "result":"DeleteReceived", "context":{"id":"2de31b1c-1656-4213-af2d-7a21dcb8c41a", "isDeleted:":"true", "version":"1702366063303"}}
{"logTime": "1221/014822", "correlationVector":"rucFGxRPgSTEMXRWONXgyH.127","action":"GetUpdates", "result":"DeleteReceived", "context":{"id":"3e720dce-ab98-4dc7-898c-f36d86c84c7b", "isDeleted:":"true", "version":"1702366063304"}}
{"logTime": "1221/014822", "correlationVector":"rucFGxRPgSTEMXRWONXgyH.128","action":"GetUpdates", "result":"DeleteReceived", "context":{"id":"54a8936e-1be1-40a3-bcc3-aaa9c774e196", "isDeleted:":"true", "version":"1702366063305"}}
{"logTime": "1221/014822", "correlationVector":"rucFGxRPgSTEMXRWONXgyH.129","action":"GetUpdates", "result":"DeleteReceived", "context":{"id":"8dc6194a-402c-41ae-b28f-318cab4a9a83", "isDeleted:":"true", "version":"1702366176311"}}
{"logTime": "1221/014822", "correlationVector":"rucFGxRPgSTEMXRWONXgyH.130","action":"GetUpdates", "result":"DeleteReceived", "context":{"id":"3d486ea1-3358-4b9d-a21e-ccfb6c427ae3", "isDeleted:":"true", "version":"1702366786785"}}
{"logTime": "1221/014822", "correlationVector":"rucFGxRPgSTEMXRWONXgyH.131","action":"GetUpdates", "result":"DeleteReceived", "context":{"id":"4a5e5d7c-f362-45b2-bbfe-4520ed81de55", "isDeleted:":"true", "version":"1702367056634"}}
{"logTime": "1221/014822", "correlationVector":"rucFGxRPgSTEMXRWONXgyH.132","action":"GetUpdates", "result":"DeleteReceived", "context":{"id":"edff1dde-9cfd-4072-9e6d-9d15ce5c0e0f", "isDeleted:":"true", "version":"1702367056635"}}
{"logTime": "1221/014822", "correlationVector":"rucFGxRPgSTEMXRWONXgyH.133","action":"GetUpdates", "result":"DeleteReceived", "context":{"id":"a4266718-e8a2-40d6-83c3-437453cd810a", "isDeleted:":"true", "version":"1702393791319"}}
{"logTime": "1221/014822", "correlationVector":"rucFGxRPgSTEMXRWONXgyH.134","action":"GetUpdates", "result":"DeleteReceived", "context":{"id":"8d8f0d2a-1d17-4076-8ae8-3dda3ee5521f", "isDeleted:":"true", "version":"1702393943708"}}
{"logTime": "1221/014822", "correlationVector":"rucFGxRPgSTEMXRWONXgyH.135","action":"GetUpdates", "result":"DeleteReceived", "context":{"id":"43c2b35c-0a6b-4807-8042-99f821477866", "isDeleted:":"true", "version":"1702449259010"}}
{"logTime": "1221/014822", "correlationVector":"rucFGxRPgSTEMXRWONXgyH.136","action":"GetUpdates", "result":"DeleteReceived", "context":{"id":"a5fc41f5-0fa9-43cc-8e2d-e4f587f92da7", "isDeleted:":"true", "version":"1702449316007"}}
{"logTime": "1221/014822", "correlationVector":"rucFGxRPgSTEMXRWONXgyH.137","action":"GetUpdates", "result":"DeleteReceived", "context":{"id":"f78029d0-265c-473b-bb1e-a397d20e4cbb", "isDeleted:":"true", "version":"1702449316008"}}
{"logTime": "1221/014822", "correlationVector":"rucFGxRPgSTEMXRWONXgyH.138","action":"GetUpdates", "result":"DeleteReceived", "context":{"id":"83427835-1773-495c-b6b9-dd4670a158cc", "isDeleted:":"true", "version":"1702449371148"}}
{"logTime": "1221/014822", "correlationVector":"rucFGxRPgSTEMXRWONXgyH.139","action":"GetUpdates", "result":"DeleteReceived", "context":{"id":"9939d7be-9810-4f35-a82f-9d79a59c830e", "isDeleted:":"true", "version":"1702449557367"}}
{"logTime": "1221/014822", "correlationVector":"rucFGxRPgSTEMXRWONXgyH.140","action":"GetUpdates", "result":"DeleteReceived", "context":{"id":"2fdb3479-75b0-4ddd-9c8a-fae27f2fe36c", "isDeleted:":"true", "version":"1702449886345"}}
{"logTime": "1221/014822", "correlationVector":"rucFGxRPgSTEMXRWONXgyH.141","action":"GetUpdates", "result":"DeleteReceived", "context":{"id":"ec02244c-ce40-48b7-a890-13955f3b7702", "isDeleted:":"true", "version":"1702449930955"}}
{"logTime": "1221/014822", "correlationVector":"rucFGxRPgSTEMXRWONXgyH.142","action":"GetUpdates", "result":"DeleteReceived", "context":{"id":"c823b643-e342-4e96-a70e-83a3d4d7042b", "isDeleted:":"true", "version":"1702449980051"}}
{"logTime": "1221/014822", "correlationVector":"rucFGxRPgSTEMXRWONXgyH.143","action":"GetUpdates", "result":"DeleteReceived", "context":{"id":"2f1686af-cb76-4af2-a368-929a0835cd9c", "isDeleted:":"true", "version":"1702450216229"}}
{"logTime": "1221/014822", "correlationVector":"rucFGxRPgSTEMXRWONXgyH.144","action":"GetUpdates", "result":"DeleteReceived", "context":{"id":"b52ee097-43e0-4191-b077-22948ee1782f", "isDeleted:":"true", "version":"1702450467929"}}
{"logTime": "1221/014822", "correlationVector":"rucFGxRPgSTEMXRWONXgyH.145","action":"GetUpdates", "result":"DeleteReceived", "context":{"id":"3e774c75-a592-4025-b08d-5e3c16dd96a5", "isDeleted:":"true", "version":"1702450467930"}}
{"logTime": "1221/014822", "correlationVector":"rucFGxRPgSTEMXRWONXgyH.146","action":"GetUpdates", "result":"DeleteReceived", "context":{"id":"ccd15034-918a-4a4a-82bc-7edc79d0b20c", "isDeleted:":"true", "version":"1702450543067"}}
{"logTime": "1221/014822", "correlationVector":"rucFGxRPgSTEMXRWONXgyH.147","action":"GetUpdates", "result":"DeleteReceived", "context":{"id":"82379e67-e3e0-4cc3-951a-39e6bab45110", "isDeleted:":"true", "version":"1702450543068"}}
{"logTime": "1221/014822", "correlationVector":"rucFGxRPgSTEMXRWONXgyH.148","action":"GetUpdates", "result":"DeleteReceived", "context":{"id":"699282a5-a61e-4231-bfcb-89c4984b5420", "isDeleted:":"true", "version":"1702452878516"}}
{"logTime": "1221/014822", "correlationVector":"rucFGxRPgSTEMXRWONXgyH.149","action":"GetUpdates", "result":"DeleteReceived", "context":{"id":"ba8e00c9-a2dc-477c-a13d-7d7c765ef67d", "isDeleted:":"true", "version":"1702452996349"}}
{"logTime": "1221/014822", "correlationVector":"rucFGxRPgSTEMXRWONXgyH.150","action":"GetUpdates", "result":"DeleteReceived", "context":{"id":"b1d80df9-ff01-40eb-bf58-0428a6957df4", "isDeleted:":"true", "version":"1702457851946"}}
{"logTime": "1221/014822", "correlationVector":"rucFGxRPgSTEMXRWONXgyH.151","action":"GetUpdates", "result":"DeleteReceived", "context":{"id":"7d5f09e0-de26-4a2f-a0db-51e7e7bc49f5", "isDeleted:":"true", "version":"1702457976350"}}
{"logTime": "1221/014822", "correlationVector":"rucFGxRPgSTEMXRWONXgyH.152","action":"GetUpdates", "result":"DeleteReceived", "context":{"id":"edeb3ab3-c6ef-4f89-80f5-d1351b9783ab", "isDeleted:":"true", "version":"1702458104146"}}
{"logTime": "1221/014822", "correlationVector":"rucFGxRPgSTEMXRWONXgyH.153","action":"GetUpdates", "result":"DeleteReceived", "context":{"id":"38bedeb1-a412-4310-b3db-31b549e59ac0", "isDeleted:":"true", "version":"1702459556677"}}
{"logTime": "1221/014822", "correlationVector":"rucFGxRPgSTEMXRWONXgyH.154","action":"GetUpdates", "result":"DeleteReceived", "context":{"id":"f4207f89-d7a4-49fa-8be7-59ee8961a160", "isDeleted:":"true", "version":"1702531727303"}}
{"logTime": "1221/014822", "correlationVector":"rucFGxRPgSTEMXRWONXgyH.155","action":"GetUpdates", "result":"DeleteReceived", "context":{"id":"779786b9-67e5-4dfd-9038-5bb0fe514c5a", "isDeleted:":"true", "version":"1702531727304"}}
{"logTime": "1221/014822", "correlationVector":"rucFGxRPgSTEMXRWONXgyH.156","action":"GetUpdates", "result":"DeleteReceived", "context":{"id":"8bcaffb6-f0a0-4ab2-b889-a09989b091e8", "isDeleted:":"true", "version":"1702532346268"}}
{"logTime": "1221/014822", "correlationVector":"rucFGxRPgSTEMXRWONXgyH.157","action":"GetUpdates", "result":"DeleteReceived", "context":{"id":"ae4b5c7c-c9f8-418c-98da-f32c5fdbaeaa", "isDeleted:":"true", "version":"1702532346269"}}
{"logTime": "1221/014822", "correlationVector":"rucFGxRPgSTEMXRWONXgyH.158","action":"GetUpdates", "result":"DeleteReceived", "context":{"id":"72679dca-442f-48ab-862c-166e1b4111e6", "isDeleted:":"true", "version":"1702536264382"}}
{"logTime": "1221/014822", "correlationVector":"rucFGxRPgSTEMXRWONXgyH.159","action":"GetUpdates", "result":"DeleteReceived", "context":{"id":"9581e3d0-1a4e-43c1-9d35-410277675a23", "isDeleted:":"true", "version":"1702864016247"}}
{"logTime": "1221/014822", "correlationVector":"rucFGxRPgSTEMXRWONXgyH.160","action":"GetUpdates", "result":"DeleteReceived", "context":{"id":"be91a8d9-8c54-44c7-9cd0-f836cd22783d", "isDeleted:":"true", "version":"1702864016249"}}
{"logTime": "1221/014822", "correlationVector":"rucFGxRPgSTEMXRWONXgyH.161","action":"GetUpdates", "result":"DeleteReceived", "context":{"id":"8596a38c-372f-41e7-b33a-64b66eb58664", "isDeleted:":"true", "version":"1702864539940"}}
{"logTime": "1221/014822", "correlationVector":"rucFGxRPgSTEMXRWONXgyH.162","action":"GetUpdates", "result":"DeleteReceived", "context":{"id":"ec8f6fc2-a199-4866-8da8-1291b0840f5c", "isDeleted:":"true", "version":"1702864803680"}}
{"logTime": "1221/014822", "correlationVector":"rucFGxRPgSTEMXRWONXgyH.163","action":"GetUpdates", "result":"DeleteReceived", "context":{"id":"6ebae08a-9f62-4eb5-8124-be5323906b5c", "isDeleted:":"true", "version":"1702865085513"}}
{"logTime": "1221/014822", "correlationVector":"rucFGxRPgSTEMXRWONXgyH.164","action":"GetUpdates", "result":"DeleteReceived", "context":{"id":"131d57e1-e877-4c1d-b12e-77c9d6218774", "isDeleted:":"true", "version":"1702865144767"}}
{"logTime": "1221/014822", "correlationVector":"rucFGxRPgSTEMXRWONXgyH.165","action":"GetUpdates", "result":"DeleteReceived", "context":{"id":"ae99e280-ddb5-4805-a80a-c2eaa7008877", "isDeleted:":"true", "version":"1702869654548"}}
{"logTime": "1221/014822", "correlationVector":"rucFGxRPgSTEMXRWONXgyH.166","action":"GetUpdates", "result":"DeleteReceived", "context":{"id":"2952b003-c18a-4347-8cb9-f8056cbf85e7", "isDeleted:":"true", "version":"1702869979254"}}
{"logTime": "1221/014822", "correlationVector":"rucFGxRPgSTEMXRWONXgyH.167","action":"GetUpdates", "result":"DeleteReceived", "context":{"id":"9ba865bb-709d-4e41-ace0-52b0ab314435", "isDeleted:":"true", "version":"1702869979255"}}
{"logTime": "1221/014822", "correlationVector":"rucFGxRPgSTEMXRWONXgyH.168","action":"GetUpdates", "result":"DeleteReceived", "context":{"id":"799ce5e6-6481-4a22-8852-cb3c817a1d5d", "isDeleted:":"true", "version":"1702870096769"}}
{"logTime": "1221/014822", "correlationVector":"rucFGxRPgSTEMXRWONXgyH.169","action":"GetUpdates", "result":"DeleteReceived", "context":{"id":"b9b83181-b42e-4bf1-93f7-e7617e8bbed4", "isDeleted:":"true", "version":"1702870096770"}}
{"logTime": "1221/014822", "correlationVector":"rucFGxRPgSTEMXRWONXgyH.170","action":"GetUpdates Response", "result":"SERVER_MORE_TO_DOWNLOAD", "context":Received 250 update(s).  Some updates remain.}
{"logTime": "1221/014822", "correlationVector":"F+vDhZNCkQlfCGxN4WEKY6","action":"Initial GetUpdates", "result":"", "context":Reason: RECONFIGURATION. cV=F+vDhZNCkQlfCGxN4WEKY6}
{"logTime": "1221/014823", "correlationVector":"F+vDhZNCkQlfCGxN4WEKY6.1","action":"SyncServerConnectionManagerRequest", "result":"SYNC_SERVER_OK", "context":{"environment":"Prod_SoutheastAsia_000j", "migrationStage":"NotStarted", "server":"GENERAL0100000S"}}
{"logTime": "1221/014823", "correlationVector":"F+vDhZNCkQlfCGxN4WEKY6.2","action":"GetUpdates", "result":"DeleteReceived", "context":{"id":"cf8236a6-d550-4984-ad67-597484e84ca4", "isDeleted:":"true", "version":"1702870857062"}}
{"logTime": "1221/014823", "correlationVector":"F+vDhZNCkQlfCGxN4WEKY6.3","action":"GetUpdates", "result":"DeleteReceived", "context":{"id":"c0519e50-f5d0-4ce5-83d3-b21ef9b27e59", "isDeleted:":"true", "version":"1702870925498"}}
{"logTime": "1221/014823", "correlationVector":"F+vDhZNCkQlfCGxN4WEKY6.4","action":"GetUpdates", "result":"DeleteReceived", "context":{"id":"bf001089-9574-4bb7-8ba7-7bf7b63c4262", "isDeleted:":"true", "version":"1702871744985"}}
{"logTime": "1221/014823", "correlationVector":"F+vDhZNCkQlfCGxN4WEKY6.5","action":"GetUpdates", "result":"DeleteReceived", "context":{"id":"735286e1-be4c-466b-bbc6-6bc9a9178174", "isDeleted:":"true", "version":"1702871744986"}}
{"logTime": "1221/014823", "correlationVector":"F+vDhZNCkQlfCGxN4WEKY6.6","action":"GetUpdates", "result":"DeleteReceived", "context":{"id":"856e5271-b04f-43ad-8821-14076be4cf79", "isDeleted:":"true", "version":"1702871744987"}}
{"logTime": "1221/014823", "correlationVector":"F+vDhZNCkQlfCGxN4WEKY6.7","action":"GetUpdates", "result":"DeleteReceived", "context":{"id":"32b0a3e4-7d7a-496d-a363-447b38651f61", "isDeleted:":"true", "version":"1702871843476"}}
{"logTime": "1221/014823", "correlationVector":"F+vDhZNCkQlfCGxN4WEKY6.8","action":"GetUpdates", "result":"DeleteReceived", "context":{"id":"eb2cccd1-5a54-4a8a-ad6b-309b79fa8da7", "isDeleted:":"true", "version":"1702872010144"}}
{"logTime": "1221/014823", "correlationVector":"F+vDhZNCkQlfCGxN4WEKY6.9","action":"GetUpdates", "result":"DeleteReceived", "context":{"id":"e616ff41-0dc1-414d-95e0-a52428a9a59d", "isDeleted:":"true", "version":"1702872044193"}}
{"logTime": "1221/014823", "correlationVector":"F+vDhZNCkQlfCGxN4WEKY6.10","action":"GetUpdates", "result":"DeleteReceived", "context":{"id":"95b2d534-2fe7-4069-8527-4ac0d9f1eded", "isDeleted:":"true", "version":"1702872847401"}}
{"logTime": "1221/014823", "correlationVector":"F+vDhZNCkQlfCGxN4WEKY6.11","action":"GetUpdates", "result":"DeleteReceived", "context":{"id":"589a2ca6-a398-48e9-8565-a15849060d97", "isDeleted:":"true", "version":"1702873166153"}}
{"logTime": "1221/014823", "correlationVector":"F+vDhZNCkQlfCGxN4WEKY6.12","action":"GetUpdates", "result":"DeleteReceived", "context":{"id":"79a40f1a-6074-40e1-a2c4-c5e2c2c948ad", "isDeleted:":"true", "version":"1702873611072"}}
{"logTime": "1221/014823", "correlationVector":"F+vDhZNCkQlfCGxN4WEKY6.13","action":"GetUpdates", "result":"DeleteReceived", "context":{"id":"7fd6f5aa-2602-481d-ae06-bc66f4ae6127", "isDeleted:":"true", "version":"1702875253303"}}
{"logTime": "1221/014823", "correlationVector":"F+vDhZNCkQlfCGxN4WEKY6.14","action":"GetUpdates", "result":"DeleteReceived", "context":{"id":"8375bb36-0d88-411b-96b9-d6ecbc085346", "isDeleted:":"true", "version":"1702875343708"}}
{"logTime": "1221/014823", "correlationVector":"F+vDhZNCkQlfCGxN4WEKY6.15","action":"GetUpdates", "result":"DeleteReceived", "context":{"id":"abab22a2-09bd-4068-b843-ffb7bc0b7a73", "isDeleted:":"true", "version":"1702875865561"}}
{"logTime": "1221/014823", "correlationVector":"F+vDhZNCkQlfCGxN4WEKY6.16","action":"GetUpdates", "result":"DeleteReceived", "context":{"id":"6beaa599-5e8f-4a94-a251-c6a4309770c4", "isDeleted:":"true", "version":"1702877810287"}}
{"logTime": "1221/014823", "correlationVector":"F+vDhZNCkQlfCGxN4WEKY6.17","action":"GetUpdates", "result":"DeleteReceived", "context":{"id":"4f60d68b-dd48-4481-ae08-4118c32e0aed", "isDeleted:":"true", "version":"1702878041790"}}
{"logTime": "1221/014823", "correlationVector":"F+vDhZNCkQlfCGxN4WEKY6.18","action":"GetUpdates", "result":"DeleteReceived", "context":{"id":"cb3a467f-349d-4650-8c74-6b909780ce6f", "isDeleted:":"true", "version":"1702879138938"}}
{"logTime": "1221/014823", "correlationVector":"F+vDhZNCkQlfCGxN4WEKY6.19","action":"GetUpdates", "result":"DeleteReceived", "context":{"id":"377bbf16-d117-4755-b61a-016b04f6d726", "isDeleted:":"true", "version":"1702879248722"}}
{"logTime": "1221/014823", "correlationVector":"F+vDhZNCkQlfCGxN4WEKY6.20","action":"GetUpdates", "result":"DeleteReceived", "context":{"id":"ee2999df-38fb-4f01-b5f6-e0cc994d027b", "isDeleted:":"true", "version":"1702879883613"}}
{"logTime": "1221/014823", "correlationVector":"F+vDhZNCkQlfCGxN4WEKY6.21","action":"GetUpdates", "result":"DeleteReceived", "context":{"id":"85ab220e-2a74-4a69-ba43-ae875d9d37c9", "isDeleted:":"true", "version":"1702879883614"}}
{"logTime": "1221/014823", "correlationVector":"F+vDhZNCkQlfCGxN4WEKY6.22","action":"GetUpdates", "result":"DeleteReceived", "context":{"id":"a5049198-4c33-43cc-b915-2c3700323fcc", "isDeleted:":"true", "version":"1702880069502"}}
{"logTime": "1221/014823", "correlationVector":"F+vDhZNCkQlfCGxN4WEKY6.23","action":"GetUpdates", "result":"DeleteReceived", "context":{"id":"6e7c5d65-0c41-491b-9442-96d44ef61613", "isDeleted:":"true", "version":"1702881691228"}}
{"logTime": "1221/014823", "correlationVector":"F+vDhZNCkQlfCGxN4WEKY6.24","action":"GetUpdates", "result":"DeleteReceived", "context":{"id":"711d35c7-6a3d-476b-8c75-1dfe6e35999b", "isDeleted:":"true", "version":"1702882766484"}}
{"logTime": "1221/014823", "correlationVector":"F+vDhZNCkQlfCGxN4WEKY6.25","action":"GetUpdates", "result":"DeleteReceived", "context":{"id":"fbb7ac62-f3bf-4c05-b77a-c00b6ea3c82f", "isDeleted:":"true", "version":"1702882898845"}}
{"logTime": "1221/014823", "correlationVector":"F+vDhZNCkQlfCGxN4WEKY6.26","action":"GetUpdates", "result":"DeleteReceived", "context":{"id":"1c332670-1396-495a-a48f-acfd5096db97", "isDeleted:":"true", "version":"1702882969986"}}
{"logTime": "1221/014823", "correlationVector":"F+vDhZNCkQlfCGxN4WEKY6.27","action":"GetUpdates", "result":"DeleteReceived", "context":{"id":"e4c88091-bf6f-47f4-bc0a-d07e7870328d", "isDeleted:":"true", "version":"1702883538652"}}
{"logTime": "1221/014823", "correlationVector":"F+vDhZNCkQlfCGxN4WEKY6.28","action":"GetUpdates", "result":"DeleteReceived", "context":{"id":"1104008a-f973-4336-b864-1317b4094e1c", "isDeleted:":"true", "version":"1702883774405"}}
{"logTime": "1221/014823", "correlationVector":"F+vDhZNCkQlfCGxN4WEKY6.29","action":"GetUpdates", "result":"DeleteReceived", "context":{"id":"ecc6fd52-1d4a-4f15-a7e8-2aea29334949", "isDeleted:":"true", "version":"1702883774407"}}
{"logTime": "1221/014823", "correlationVector":"F+vDhZNCkQlfCGxN4WEKY6.30","action":"GetUpdates", "result":"DeleteReceived", "context":{"id":"e4c929db-bcb9-4ea3-a76c-c22a89a067b0", "isDeleted:":"true", "version":"1702884351979"}}
{"logTime": "1221/014823", "correlationVector":"F+vDhZNCkQlfCGxN4WEKY6.31","action":"GetUpdates", "result":"DeleteReceived", "context":{"id":"58d40405-84cd-458a-aece-698f7aeac7f9", "isDeleted:":"true", "version":"1702884384067"}}
{"logTime": "1221/014823", "correlationVector":"F+vDhZNCkQlfCGxN4WEKY6.32","action":"GetUpdates", "result":"DeleteReceived", "context":{"id":"c198e538-bf1d-4eaa-a6a2-cb66dca132ab", "isDeleted:":"true", "version":"1702884384068"}}
{"logTime": "1221/014823", "correlationVector":"F+vDhZNCkQlfCGxN4WEKY6.33","action":"GetUpdates", "result":"DeleteReceived", "context":{"id":"1676eb36-fdbb-4e1d-b430-6286d4b7e17f", "isDeleted:":"true", "version":"1702885759117"}}
{"logTime": "1221/014823", "correlationVector":"F+vDhZNCkQlfCGxN4WEKY6.34","action":"GetUpdates", "result":"DeleteReceived", "context":{"id":"8715a1f5-cc3c-4ef8-a971-2f0383ca31cf", "isDeleted:":"true", "version":"1702886702907"}}
{"logTime": "1221/014823", "correlationVector":"F+vDhZNCkQlfCGxN4WEKY6.35","action":"GetUpdates", "result":"DeleteReceived", "context":{"id":"790a335e-c14b-41a8-b9f6-0c6f80c87038", "isDeleted:":"true", "version":"1702886702908"}}
{"logTime": "1221/014823", "correlationVector":"F+vDhZNCkQlfCGxN4WEKY6.36","action":"GetUpdates", "result":"DeleteReceived", "context":{"id":"1633fde5-fc9c-45a8-bdbc-2e266f6e7b88", "isDeleted:":"true", "version":"1702886864502"}}
{"logTime": "1221/014823", "correlationVector":"F+vDhZNCkQlfCGxN4WEKY6.37","action":"GetUpdates", "result":"DeleteReceived", "context":{"id":"8be24d19-7754-4b99-8994-9ad9771e99c6", "isDeleted:":"true", "version":"1702886864503"}}
{"logTime": "1221/014823", "correlationVector":"F+vDhZNCkQlfCGxN4WEKY6.38","action":"GetUpdates", "result":"DeleteReceived", "context":{"id":"a3816ebd-1ae5-453b-a675-39ff67a78938", "isDeleted:":"true", "version":"1702886953934"}}
{"logTime": "1221/014823", "correlationVector":"F+vDhZNCkQlfCGxN4WEKY6.39","action":"GetUpdates", "result":"DeleteReceived", "context":{"id":"483f5339-ab8b-45e3-8fa1-1c485e76c325", "isDeleted:":"true", "version":"1702886953935"}}
{"logTime": "1221/014823", "correlationVector":"F+vDhZNCkQlfCGxN4WEKY6.40","action":"GetUpdates", "result":"DeleteReceived", "context":{"id":"1028598d-8eed-42d9-9af2-1f3e92466e75", "isDeleted:":"true", "version":"1702887069468"}}
{"logTime": "1221/014823", "correlationVector":"F+vDhZNCkQlfCGxN4WEKY6.41","action":"GetUpdates", "result":"DeleteReceived", "context":{"id":"bc85a627-9ab7-4ee9-8546-3b7fd7c4fed5", "isDeleted:":"true", "version":"1702887122450"}}
{"logTime": "1221/014823", "correlationVector":"F+vDhZNCkQlfCGxN4WEKY6.42","action":"GetUpdates", "result":"DeleteReceived", "context":{"id":"1bc362a8-b827-4470-a050-ba8402a19ada", "isDeleted:":"true", "version":"1702887165586"}}
{"logTime": "1221/014823", "correlationVector":"F+vDhZNCkQlfCGxN4WEKY6.43","action":"GetUpdates", "result":"DeleteReceived", "context":{"id":"d2bb061e-c460-4033-94b6-4239235c57cf", "isDeleted:":"true", "version":"1702887196120"}}
{"logTime": "1221/014823", "correlationVector":"F+vDhZNCkQlfCGxN4WEKY6.44","action":"GetUpdates", "result":"DeleteReceived", "context":{"id":"528ec22f-4397-4668-99ff-90e4508fba11", "isDeleted:":"true", "version":"1702887263747"}}
{"logTime": "1221/014823", "correlationVector":"F+vDhZNCkQlfCGxN4WEKY6.45","action":"GetUpdates", "result":"DeleteReceived", "context":{"id":"8781222a-bce9-4a1d-9e3f-c07ff9fe1780", "isDeleted:":"true", "version":"1702887263748"}}
{"logTime": "1221/014823", "correlationVector":"F+vDhZNCkQlfCGxN4WEKY6.46","action":"GetUpdates", "result":"DeleteReceived", "context":{"id":"ea7d6089-19ec-45fa-8c1b-2bfa5b0cc990", "isDeleted:":"true", "version":"1702887325945"}}
{"logTime": "1221/014823", "correlationVector":"F+vDhZNCkQlfCGxN4WEKY6.47","action":"GetUpdates", "result":"DeleteReceived", "context":{"id":"f0280748-845f-46cf-93a9-75356bd865c9", "isDeleted:":"true", "version":"1702887387091"}}
{"logTime": "1221/014823", "correlationVector":"F+vDhZNCkQlfCGxN4WEKY6.48","action":"GetUpdates", "result":"DeleteReceived", "context":{"id":"31053fd3-1deb-4eb2-8fcf-1d31791b8ae2", "isDeleted:":"true", "version":"1702887654712"}}
{"logTime": "1221/014823", "correlationVector":"F+vDhZNCkQlfCGxN4WEKY6.49","action":"GetUpdates", "result":"DeleteReceived", "context":{"id":"ceacb5b9-2294-4f5f-8f5c-aa7cbc278ba2", "isDeleted:":"true", "version":"1702887936212"}}
{"logTime": "1221/014823", "correlationVector":"F+vDhZNCkQlfCGxN4WEKY6.50","action":"GetUpdates", "result":"DeleteReceived", "context":{"id":"b53e85fc-fb0d-4df4-b23d-28635c01255a", "isDeleted:":"true", "version":"1702887936215"}}
{"logTime": "1221/014823", "correlationVector":"F+vDhZNCkQlfCGxN4WEKY6.51","action":"GetUpdates", "result":"DeleteReceived", "context":{"id":"e8efaf42-4fb0-4606-a609-bfde5505c8fb", "isDeleted:":"true", "version":"1702887936216"}}
{"logTime": "1221/014823", "correlationVector":"F+vDhZNCkQlfCGxN4WEKY6.52","action":"GetUpdates", "result":"DeleteReceived", "context":{"id":"b69170be-2634-4e71-906a-acecf9e22bd1", "isDeleted:":"true", "version":"1702888050956"}}
{"logTime": "1221/014823", "correlationVector":"F+vDhZNCkQlfCGxN4WEKY6.53","action":"GetUpdates", "result":"DeleteReceived", "context":{"id":"9b97ca92-2777-49c8-a577-22fa5e646406", "isDeleted:":"true", "version":"1702888409212"}}
{"logTime": "1221/014823", "correlationVector":"F+vDhZNCkQlfCGxN4WEKY6.54","action":"GetUpdates", "result":"DeleteReceived", "context":{"id":"84c14050-da02-4a75-a881-3ef84beeaffb", "isDeleted:":"true", "version":"1702888736610"}}
{"logTime": "1221/014823", "correlationVector":"F+vDhZNCkQlfCGxN4WEKY6.55","action":"GetUpdates", "result":"DeleteReceived", "context":{"id":"82c1dd4e-ebb0-476d-84ff-96d4be6f2c9b", "isDeleted:":"true", "version":"1702888736611"}}
{"logTime": "1221/014823", "correlationVector":"F+vDhZNCkQlfCGxN4WEKY6.56","action":"GetUpdates", "result":"DeleteReceived", "context":{"id":"139f56b3-4f6c-41e3-b465-29d7850e7b0e", "isDeleted:":"true", "version":"1702888736613"}}
{"logTime": "1221/014823", "correlationVector":"F+vDhZNCkQlfCGxN4WEKY6.57","action":"GetUpdates", "result":"DeleteReceived", "context":{"id":"1672ec47-5870-422a-b461-e83b77146e1a", "isDeleted:":"true", "version":"1702889360817"}}
{"logTime": "1221/014823", "correlationVector":"F+vDhZNCkQlfCGxN4WEKY6.58","action":"GetUpdates", "result":"DeleteReceived", "context":{"id":"66a0053a-cee1-43f4-b45a-ef7311f7b678", "isDeleted:":"true", "version":"1702889360819"}}
{"logTime": "1221/014823", "correlationVector":"F+vDhZNCkQlfCGxN4WEKY6.59","action":"GetUpdates", "result":"DeleteReceived", "context":{"id":"47157632-7a89-4415-a92e-42d7c95e8084", "isDeleted:":"true", "version":"1702889447622"}}
{"logTime": "1221/014823", "correlationVector":"F+vDhZNCkQlfCGxN4WEKY6.60","action":"GetUpdates", "result":"DeleteReceived", "context":{"id":"17d0d375-cc7b-4772-b261-0297585beaaf", "isDeleted:":"true", "version":"1702889556249"}}
{"logTime": "1221/014823", "correlationVector":"F+vDhZNCkQlfCGxN4WEKY6.61","action":"GetUpdates", "result":"DeleteReceived", "context":{"id":"835be07d-690b-4d5f-aebf-c9ea957977da", "isDeleted:":"true", "version":"1702889556250"}}
{"logTime": "1221/014823", "correlationVector":"F+vDhZNCkQlfCGxN4WEKY6.62","action":"GetUpdates", "result":"DeleteReceived", "context":{"id":"4b12689f-d5d4-4652-8966-bb275cc4871c", "isDeleted:":"true", "version":"1702889556251"}}
{"logTime": "1221/014823", "correlationVector":"F+vDhZNCkQlfCGxN4WEKY6.63","action":"GetUpdates", "result":"DeleteReceived", "context":{"id":"f2fcd0b7-9f59-41ad-850a-9cc98f58bec9", "isDeleted:":"true", "version":"1702890163254"}}
{"logTime": "1221/014823", "correlationVector":"F+vDhZNCkQlfCGxN4WEKY6.64","action":"GetUpdates", "result":"DeleteReceived", "context":{"id":"6a87efac-0c5f-47a0-bc62-da6717f17d31", "isDeleted:":"true", "version":"1702891753576"}}
{"logTime": "1221/014823", "correlationVector":"F+vDhZNCkQlfCGxN4WEKY6.65","action":"GetUpdates", "result":"DeleteReceived", "context":{"id":"737a2a9f-b643-404d-b50e-f583e6525cee", "isDeleted:":"true", "version":"1702891953365"}}
{"logTime": "1221/014823", "correlationVector":"F+vDhZNCkQlfCGxN4WEKY6.66","action":"GetUpdates", "result":"DeleteReceived", "context":{"id":"da41fc83-0ed1-4308-afec-b595e06369f5", "isDeleted:":"true", "version":"1702891984158"}}
{"logTime": "1221/014823", "correlationVector":"F+vDhZNCkQlfCGxN4WEKY6.67","action":"GetUpdates", "result":"DeleteReceived", "context":{"id":"dca63ef7-fe16-43f4-9600-70208f4f4bb6", "isDeleted:":"true", "version":"1702892487738"}}
{"logTime": "1221/014823", "correlationVector":"F+vDhZNCkQlfCGxN4WEKY6.68","action":"GetUpdates", "result":"DeleteReceived", "context":{"id":"019bf8a0-a36a-45ee-86fe-ddd24f37c93c", "isDeleted:":"true", "version":"1702892906716"}}
{"logTime": "1221/014823", "correlationVector":"F+vDhZNCkQlfCGxN4WEKY6.69","action":"GetUpdates", "result":"DeleteReceived", "context":{"id":"eb2fa0be-0b02-4b2c-9335-3b0b43eb4fd4", "isDeleted:":"true", "version":"1702892906717"}}
{"logTime": "1221/014823", "correlationVector":"F+vDhZNCkQlfCGxN4WEKY6.70","action":"GetUpdates", "result":"DeleteReceived", "context":{"id":"38c2e05e-4c01-4ddb-ba4c-b1a31d29bd2c", "isDeleted:":"true", "version":"1702893221921"}}
{"logTime": "1221/014823", "correlationVector":"F+vDhZNCkQlfCGxN4WEKY6.71","action":"GetUpdates", "result":"DeleteReceived", "context":{"id":"f77b88b9-0260-4064-8e65-4efff555c346", "isDeleted:":"true", "version":"1702893263616"}}
{"logTime": "1221/014823", "correlationVector":"F+vDhZNCkQlfCGxN4WEKY6.72","action":"GetUpdates", "result":"DeleteReceived", "context":{"id":"7c9d3685-f5b3-48e8-9de5-fe1bf1e48b0d", "isDeleted:":"true", "version":"1702893294015"}}
{"logTime": "1221/014823", "correlationVector":"F+vDhZNCkQlfCGxN4WEKY6.73","action":"GetUpdates", "result":"DeleteReceived", "context":{"id":"f8ca020f-9868-4009-a808-e6df7f2aa230", "isDeleted:":"true", "version":"1702893418575"}}
{"logTime": "1221/014823", "correlationVector":"F+vDhZNCkQlfCGxN4WEKY6.74","action":"GetUpdates", "result":"DeleteReceived", "context":{"id":"460d0f10-dbdc-4e0c-a83a-71ecc3c29177", "isDeleted:":"true", "version":"1702893418577"}}
{"logTime": "1221/014823", "correlationVector":"F+vDhZNCkQlfCGxN4WEKY6.75","action":"GetUpdates", "result":"DeleteReceived", "context":{"id":"3410b5f8-28d3-4875-928e-ca810b1aebdf", "isDeleted:":"true", "version":"1702894996888"}}
{"logTime": "1221/014823", "correlationVector":"F+vDhZNCkQlfCGxN4WEKY6.76","action":"GetUpdates", "result":"DeleteReceived", "context":{"id":"c3891130-cb0d-4a44-ba4f-77ed5ca50a85", "isDeleted:":"true", "version":"1702895121581"}}
{"logTime": "1221/014823", "correlationVector":"F+vDhZNCkQlfCGxN4WEKY6.77","action":"GetUpdates", "result":"DeleteReceived", "context":{"id":"1cf6278e-b3a4-4648-9463-dbbba9690e14", "isDeleted:":"true", "version":"1702895551219"}}
{"logTime": "1221/014823", "correlationVector":"F+vDhZNCkQlfCGxN4WEKY6.78","action":"GetUpdates", "result":"DeleteReceived", "context":{"id":"c43819f5-66e1-4286-9c11-3c9986555bc0", "isDeleted:":"true", "version":"1702896560823"}}
{"logTime": "1221/014823", "correlationVector":"F+vDhZNCkQlfCGxN4WEKY6.79","action":"GetUpdates", "result":"DeleteReceived", "context":{"id":"0b104acf-9e84-48b0-b51e-13d1db64eb6e", "isDeleted:":"true", "version":"1702896560825"}}
{"logTime": "1221/014823", "correlationVector":"F+vDhZNCkQlfCGxN4WEKY6.80","action":"GetUpdates", "result":"DeleteReceived", "context":{"id":"2656025b-df3b-4ecb-a25e-962f3b67f376", "isDeleted:":"true", "version":"1702896564940"}}
{"logTime": "1221/014823", "correlationVector":"F+vDhZNCkQlfCGxN4WEKY6.81","action":"GetUpdates", "result":"DeleteReceived", "context":{"id":"2d0bb7a4-cb47-4997-abbd-159a3942d1d8", "isDeleted:":"true", "version":"1702915824838"}}
{"logTime": "1221/014823", "correlationVector":"F+vDhZNCkQlfCGxN4WEKY6.82","action":"GetUpdates", "result":"DeleteReceived", "context":{"id":"da205fa0-fb85-41c4-b0f2-7ec6d795a2aa", "isDeleted:":"true", "version":"1702916016793"}}
{"logTime": "1221/014823", "correlationVector":"F+vDhZNCkQlfCGxN4WEKY6.83","action":"GetUpdates", "result":"DeleteReceived", "context":{"id":"df42cbaf-cace-4253-86ae-5286ec677350", "isDeleted:":"true", "version":"1702916847221"}}
{"logTime": "1221/014823", "correlationVector":"F+vDhZNCkQlfCGxN4WEKY6.84","action":"GetUpdates", "result":"DeleteReceived", "context":{"id":"717d3b09-851a-4e4d-9a43-4e5ffbafe769", "isDeleted:":"true", "version":"1702917318881"}}
{"logTime": "1221/014823", "correlationVector":"F+vDhZNCkQlfCGxN4WEKY6.85","action":"GetUpdates", "result":"DeleteReceived", "context":{"id":"90ade83f-444c-40f4-b5cf-d1cfafe8f55e", "isDeleted:":"true", "version":"1702919452340"}}
{"logTime": "1221/014823", "correlationVector":"F+vDhZNCkQlfCGxN4WEKY6.86","action":"GetUpdates", "result":"DeleteReceived", "context":{"id":"eae6d5f5-f618-4bc7-bfef-4094524d5d6f", "isDeleted:":"true", "version":"1702920385148"}}
{"logTime": "1221/014823", "correlationVector":"F+vDhZNCkQlfCGxN4WEKY6.87","action":"GetUpdates", "result":"DeleteReceived", "context":{"id":"f4cc78e6-31aa-4892-aa01-c73be1bc5a04", "isDeleted:":"true", "version":"1702920852224"}}
{"logTime": "1221/014824", "correlationVector":"F+vDhZNCkQlfCGxN4WEKY6.88","action":"GetUpdates", "result":"DeleteReceived", "context":{"id":"a8fa2db1-7885-4c7c-a0bc-f110e0285b97", "isDeleted:":"true", "version":"1702921312401"}}
{"logTime": "1221/014824", "correlationVector":"F+vDhZNCkQlfCGxN4WEKY6.89","action":"GetUpdates", "result":"DeleteReceived", "context":{"id":"5c579589-c32b-44f0-b981-b9a7f898fd95", "isDeleted:":"true", "version":"1702921497205"}}
{"logTime": "1221/014824", "correlationVector":"F+vDhZNCkQlfCGxN4WEKY6.90","action":"GetUpdates", "result":"DeleteReceived", "context":{"id":"8311004a-8c88-4270-9638-a3300522334e", "isDeleted:":"true", "version":"1702949228315"}}
{"logTime": "1221/014824", "correlationVector":"F+vDhZNCkQlfCGxN4WEKY6.91","action":"GetUpdates", "result":"DeleteReceived", "context":{"id":"2b3fb7f8-72f6-4bcd-b978-56e34df2a995", "isDeleted:":"true", "version":"1702949228317"}}
{"logTime": "1221/014824", "correlationVector":"F+vDhZNCkQlfCGxN4WEKY6.92","action":"GetUpdates", "result":"DeleteReceived", "context":{"id":"20c89482-f6eb-4e06-9e31-038bcf584d0c", "isDeleted:":"true", "version":"1702949228318"}}
{"logTime": "1221/014824", "correlationVector":"F+vDhZNCkQlfCGxN4WEKY6.93","action":"GetUpdates", "result":"DeleteReceived", "context":{"id":"005e8650-8e76-44dc-ab3a-195d8b1c6ff4", "isDeleted:":"true", "version":"1702949341893"}}
{"logTime": "1221/014824", "correlationVector":"F+vDhZNCkQlfCGxN4WEKY6.94","action":"GetUpdates", "result":"DeleteReceived", "context":{"id":"d290c0b9-d259-46c9-bb26-623c7d63fa46", "isDeleted:":"true", "version":"1702949706424"}}
{"logTime": "1221/014824", "correlationVector":"F+vDhZNCkQlfCGxN4WEKY6.95","action":"GetUpdates", "result":"DeleteReceived", "context":{"id":"ddb23b55-0f8e-4ff2-afcd-b810899ef93b", "isDeleted:":"true", "version":"1702949741484"}}
{"logTime": "1221/014824", "correlationVector":"F+vDhZNCkQlfCGxN4WEKY6.96","action":"GetUpdates", "result":"DeleteReceived", "context":{"id":"912508f4-3f94-4ece-836d-66677110c506", "isDeleted:":"true", "version":"1702949741486"}}
{"logTime": "1221/014824", "correlationVector":"F+vDhZNCkQlfCGxN4WEKY6.97","action":"GetUpdates", "result":"DeleteReceived", "context":{"id":"33170c77-7635-4b90-abb5-037d78e7cc51", "isDeleted:":"true", "version":"1702950832164"}}
{"logTime": "1221/014824", "correlationVector":"F+vDhZNCkQlfCGxN4WEKY6.98","action":"GetUpdates", "result":"DeleteReceived", "context":{"id":"b71eebe6-96dc-4221-807d-b092b828e7da", "isDeleted:":"true", "version":"1702950832165"}}
{"logTime": "1221/014824", "correlationVector":"F+vDhZNCkQlfCGxN4WEKY6.99","action":"GetUpdates", "result":"DeleteReceived", "context":{"id":"d0b17b56-49bd-48e2-a263-9d63f355c31e", "isDeleted:":"true", "version":"1702951802738"}}
{"logTime": "1221/014824", "correlationVector":"F+vDhZNCkQlfCGxN4WEKY6.100","action":"GetUpdates", "result":"DeleteReceived", "context":{"id":"e48f5218-c5c1-421d-9c7a-9efa74be7106", "isDeleted:":"true", "version":"1702951872643"}}
{"logTime": "1221/014824", "correlationVector":"F+vDhZNCkQlfCGxN4WEKY6.101","action":"GetUpdates", "result":"DeleteReceived", "context":{"id":"e1261867-699e-4505-998b-98ffb7fe72c8", "isDeleted:":"true", "version":"1702951872645"}}
{"logTime": "1221/014824", "correlationVector":"F+vDhZNCkQlfCGxN4WEKY6.102","action":"GetUpdates", "result":"DeleteReceived", "context":{"id":"12623c93-03da-4b1b-996b-774d097221e5", "isDeleted:":"true", "version":"1702951913962"}}
{"logTime": "1221/014824", "correlationVector":"F+vDhZNCkQlfCGxN4WEKY6.103","action":"GetUpdates", "result":"DeleteReceived", "context":{"id":"1cf6a8b9-7963-46f0-ae53-5c7a54f6f2b2", "isDeleted:":"true", "version":"1702952224352"}}
{"logTime": "1221/014824", "correlationVector":"F+vDhZNCkQlfCGxN4WEKY6.104","action":"GetUpdates", "result":"DeleteReceived", "context":{"id":"1f9644e8-acf4-4d14-9d97-89008c1173c7", "isDeleted:":"true", "version":"1702953015004"}}
{"logTime": "1221/014824", "correlationVector":"F+vDhZNCkQlfCGxN4WEKY6.105","action":"GetUpdates", "result":"DeleteReceived", "context":{"id":"55a48bd1-b220-449d-8843-91e26710f56a", "isDeleted:":"true", "version":"1702953298088"}}
{"logTime": "1221/014824", "correlationVector":"F+vDhZNCkQlfCGxN4WEKY6.106","action":"GetUpdates", "result":"DeleteReceived", "context":{"id":"718fd8a6-5448-455f-a9b3-93da2acc8e42", "isDeleted:":"true", "version":"1702953333158"}}
{"logTime": "1221/014824", "correlationVector":"F+vDhZNCkQlfCGxN4WEKY6.107","action":"GetUpdates", "result":"DeleteReceived", "context":{"id":"44948ff8-5aa0-45cb-b20c-84003f9338a0", "isDeleted:":"true", "version":"1702953922151"}}
{"logTime": "1221/014824", "correlationVector":"F+vDhZNCkQlfCGxN4WEKY6.108","action":"GetUpdates", "result":"DeleteReceived", "context":{"id":"611cb070-7a82-4eff-b2ac-28d804c3bcb7", "isDeleted:":"true", "version":"1702954210277"}}
{"logTime": "1221/014824", "correlationVector":"F+vDhZNCkQlfCGxN4WEKY6.109","action":"GetUpdates", "result":"DeleteReceived", "context":{"id":"8a803244-edd4-407a-b52f-ff185921ab93", "isDeleted:":"true", "version":"1702954659204"}}
{"logTime": "1221/014824", "correlationVector":"F+vDhZNCkQlfCGxN4WEKY6.110","action":"GetUpdates", "result":"DeleteReceived", "context":{"id":"ea0c35c4-9428-43b6-bc8b-c93257365f92", "isDeleted:":"true", "version":"1702955509909"}}
{"logTime": "1221/014824", "correlationVector":"F+vDhZNCkQlfCGxN4WEKY6.111","action":"GetUpdates", "result":"DeleteReceived", "context":{"id":"5f2fc6c3-4518-4d63-9358-c05c1bdb6f5c", "isDeleted:":"true", "version":"1702955552455"}}
{"logTime": "1221/014824", "correlationVector":"F+vDhZNCkQlfCGxN4WEKY6.112","action":"GetUpdates", "result":"DeleteReceived", "context":{"id":"c8865495-3edb-4fc7-b2f7-9a4360924aa0", "isDeleted:":"true", "version":"1702955552456"}}
{"logTime": "1221/014824", "correlationVector":"F+vDhZNCkQlfCGxN4WEKY6.113","action":"GetUpdates", "result":"DeleteReceived", "context":{"id":"e075805b-980c-4a70-922c-bae3f37aae8e", "isDeleted:":"true", "version":"1702955552457"}}
{"logTime": "1221/014824", "correlationVector":"F+vDhZNCkQlfCGxN4WEKY6.114","action":"GetUpdates", "result":"DeleteReceived", "context":{"id":"7842cbd8-c9a4-4684-bb42-51176f257829", "isDeleted:":"true", "version":"1702957461356"}}
{"logTime": "1221/014824", "correlationVector":"F+vDhZNCkQlfCGxN4WEKY6.115","action":"GetUpdates", "result":"DeleteReceived", "context":{"id":"8187805a-6df3-4156-bd6e-49451d128b9d", "isDeleted:":"true", "version":"1702957911979"}}
{"logTime": "1221/014824", "correlationVector":"F+vDhZNCkQlfCGxN4WEKY6.116","action":"GetUpdates", "result":"DeleteReceived", "context":{"id":"1ce578d9-6f31-43e7-a984-5f64a9979657", "isDeleted:":"true", "version":"1702958525998"}}
{"logTime": "1221/014824", "correlationVector":"F+vDhZNCkQlfCGxN4WEKY6.117","action":"GetUpdates", "result":"DeleteReceived", "context":{"id":"7a6dca1c-ccd9-4d96-b209-f8cf688bc6b5", "isDeleted:":"true", "version":"1702958653115"}}
{"logTime": "1221/014824", "correlationVector":"F+vDhZNCkQlfCGxN4WEKY6.118","action":"GetUpdates", "result":"DeleteReceived", "context":{"id":"cc1cd5a5-a8fd-4c23-9549-3fe77f8095ea", "isDeleted:":"true", "version":"1702959028677"}}
{"logTime": "1221/014824", "correlationVector":"F+vDhZNCkQlfCGxN4WEKY6.119","action":"GetUpdates", "result":"DeleteReceived", "context":{"id":"a9e3e3fc-6b12-4ccc-8c87-d89d4378d26e", "isDeleted:":"true", "version":"1702959560571"}}
{"logTime": "1221/014824", "correlationVector":"F+vDhZNCkQlfCGxN4WEKY6.120","action":"GetUpdates", "result":"DeleteReceived", "context":{"id":"8a9c8440-e8c3-4d9e-b212-2efb1f600f20", "isDeleted:":"true", "version":"1702960032689"}}
{"logTime": "1221/014824", "correlationVector":"F+vDhZNCkQlfCGxN4WEKY6.121","action":"GetUpdates", "result":"DeleteReceived", "context":{"id":"b60cc078-bff1-477d-8145-8650133dbe1a", "isDeleted:":"true", "version":"1702960657473"}}
{"logTime": "1221/014824", "correlationVector":"F+vDhZNCkQlfCGxN4WEKY6.122","action":"GetUpdates", "result":"DeleteReceived", "context":{"id":"188e3973-9ae3-4e06-b84a-01161f3d82e1", "isDeleted:":"true", "version":"1702960893221"}}
{"logTime": "1221/014824", "correlationVector":"F+vDhZNCkQlfCGxN4WEKY6.123","action":"GetUpdates", "result":"DeleteReceived", "context":{"id":"db6e47de-75aa-4282-bf02-a47df72519d2", "isDeleted:":"true", "version":"1702960893223"}}
{"logTime": "1221/014824", "correlationVector":"F+vDhZNCkQlfCGxN4WEKY6.124","action":"GetUpdates", "result":"DeleteReceived", "context":{"id":"8f0ea3ac-1abe-4ca0-a92e-c7cae70757af", "isDeleted:":"true", "version":"1702961312312"}}
{"logTime": "1221/014824", "correlationVector":"F+vDhZNCkQlfCGxN4WEKY6.125","action":"GetUpdates", "result":"DeleteReceived", "context":{"id":"923930a9-0be8-4a87-98c5-1a6b33e2d70b", "isDeleted:":"true", "version":"1702961563492"}}
{"logTime": "1221/014824", "correlationVector":"F+vDhZNCkQlfCGxN4WEKY6.126","action":"GetUpdates", "result":"DeleteReceived", "context":{"id":"ac9808fd-e61c-4dc8-81ae-4c28e4997822", "isDeleted:":"true", "version":"1702962315155"}}
{"logTime": "1221/014824", "correlationVector":"F+vDhZNCkQlfCGxN4WEKY6.127","action":"GetUpdates", "result":"DeleteReceived", "context":{"id":"2cde0414-2cd1-45f0-ac0a-cebe0c6c4ff5", "isDeleted:":"true", "version":"1702964780256"}}
{"logTime": "1221/014824", "correlationVector":"F+vDhZNCkQlfCGxN4WEKY6.128","action":"GetUpdates", "result":"DeleteReceived", "context":{"id":"9fb30fcf-789d-4b39-b0e2-0e7f268121b7", "isDeleted:":"true", "version":"1702965672740"}}
{"logTime": "1221/014824", "correlationVector":"F+vDhZNCkQlfCGxN4WEKY6.129","action":"GetUpdates", "result":"DeleteReceived", "context":{"id":"37410d6e-bbe9-411b-b428-7efd900f51a1", "isDeleted:":"true", "version":"1702965672742"}}
{"logTime": "1221/014824", "correlationVector":"F+vDhZNCkQlfCGxN4WEKY6.130","action":"GetUpdates", "result":"DeleteReceived", "context":{"id":"c25a52b7-711d-48b0-852f-713fd675077c", "isDeleted:":"true", "version":"1702965672743"}}
{"logTime": "1221/014824", "correlationVector":"F+vDhZNCkQlfCGxN4WEKY6.131","action":"GetUpdates", "result":"DeleteReceived", "context":{"id":"6a870e9c-c882-4e0f-a76a-a8c4b9c7d9f6", "isDeleted:":"true", "version":"1702965705722"}}
{"logTime": "1221/014824", "correlationVector":"F+vDhZNCkQlfCGxN4WEKY6.132","action":"GetUpdates", "result":"DeleteReceived", "context":{"id":"a6d7b5cf-f78f-4f76-9650-52b6e8647848", "isDeleted:":"true", "version":"1702965842875"}}
{"logTime": "1221/014824", "correlationVector":"F+vDhZNCkQlfCGxN4WEKY6.133","action":"GetUpdates", "result":"DeleteReceived", "context":{"id":"798c0f73-2393-480f-ac1a-b040ab66a7e7", "isDeleted:":"true", "version":"1702966483609"}}
{"logTime": "1221/014824", "correlationVector":"F+vDhZNCkQlfCGxN4WEKY6.134","action":"GetUpdates", "result":"DeleteReceived", "context":{"id":"08d3af1a-112c-492e-ba50-7e64b87acd11", "isDeleted:":"true", "version":"1702966538645"}}
{"logTime": "1221/014824", "correlationVector":"F+vDhZNCkQlfCGxN4WEKY6.135","action":"GetUpdates", "result":"DeleteReceived", "context":{"id":"9bdd206c-a37a-4a4d-a69c-c618b1b3ca68", "isDeleted:":"true", "version":"1702967390398"}}
{"logTime": "1221/014824", "correlationVector":"F+vDhZNCkQlfCGxN4WEKY6.136","action":"GetUpdates", "result":"DeleteReceived", "context":{"id":"61d2f6eb-749e-437a-a4da-b1fc787ba7d3", "isDeleted:":"true", "version":"1702967390399"}}
{"logTime": "1221/014824", "correlationVector":"F+vDhZNCkQlfCGxN4WEKY6.137","action":"GetUpdates", "result":"DeleteReceived", "context":{"id":"2f914965-6c7c-4416-af8c-5ed1f3b87d9b", "isDeleted:":"true", "version":"1702967907676"}}
{"logTime": "1221/014824", "correlationVector":"F+vDhZNCkQlfCGxN4WEKY6.138","action":"GetUpdates", "result":"DeleteReceived", "context":{"id":"91c2c011-a147-4d90-ba9d-857178f71220", "isDeleted:":"true", "version":"1702967907677"}}
{"logTime": "1221/014824", "correlationVector":"F+vDhZNCkQlfCGxN4WEKY6.139","action":"GetUpdates", "result":"DeleteReceived", "context":{"id":"886787e0-26e9-4d0b-ae51-d5418e18fc6b", "isDeleted:":"true", "version":"1702967950970"}}
{"logTime": "1221/014824", "correlationVector":"F+vDhZNCkQlfCGxN4WEKY6.140","action":"GetUpdates", "result":"DeleteReceived", "context":{"id":"cf483554-b908-4905-a5f4-a6f568cff65e", "isDeleted:":"true", "version":"1702968662516"}}
{"logTime": "1221/014824", "correlationVector":"F+vDhZNCkQlfCGxN4WEKY6.141","action":"GetUpdates", "result":"DeleteReceived", "context":{"id":"6f4e6510-9986-4b2a-b114-96852ff893ea", "isDeleted:":"true", "version":"1702968807327"}}
{"logTime": "1221/014824", "correlationVector":"F+vDhZNCkQlfCGxN4WEKY6.142","action":"GetUpdates", "result":"DeleteReceived", "context":{"id":"aaaffe09-2cc3-4ead-943d-75df4fcc681e", "isDeleted:":"true", "version":"1702968858509"}}
{"logTime": "1221/014824", "correlationVector":"F+vDhZNCkQlfCGxN4WEKY6.143","action":"GetUpdates", "result":"DeleteReceived", "context":{"id":"d3de7cf0-01c8-4c02-a939-38d89689bb8e", "isDeleted:":"true", "version":"1702973023648"}}
{"logTime": "1221/014824", "correlationVector":"F+vDhZNCkQlfCGxN4WEKY6.144","action":"GetUpdates", "result":"DeleteReceived", "context":{"id":"ce3f3da5-05fe-4e91-8c2f-3c311985f514", "isDeleted:":"true", "version":"1702973023649"}}
{"logTime": "1221/014824", "correlationVector":"F+vDhZNCkQlfCGxN4WEKY6.145","action":"GetUpdates", "result":"DeleteReceived", "context":{"id":"011262ca-2c41-4f13-9d15-70f84e51e9ea", "isDeleted:":"true", "version":"1702973023650"}}
{"logTime": "1221/014824", "correlationVector":"F+vDhZNCkQlfCGxN4WEKY6.146","action":"GetUpdates", "result":"DeleteReceived", "context":{"id":"2abb8e7e-cf3b-4cef-b158-6a5910aa25e9", "isDeleted:":"true", "version":"1702973023651"}}
{"logTime": "1221/014824", "correlationVector":"F+vDhZNCkQlfCGxN4WEKY6.147","action":"GetUpdates", "result":"DeleteReceived", "context":{"id":"045a899e-c404-4ba1-aa6a-68307e034b56", "isDeleted:":"true", "version":"1702973023653"}}
{"logTime": "1221/014824", "correlationVector":"F+vDhZNCkQlfCGxN4WEKY6.148","action":"GetUpdates", "result":"DeleteReceived", "context":{"id":"69eff670-2cb3-47c4-b1df-8ea92f9aeb0b", "isDeleted:":"true", "version":"1702973023654"}}
{"logTime": "1221/014824", "correlationVector":"F+vDhZNCkQlfCGxN4WEKY6.149","action":"GetUpdates", "result":"DeleteReceived", "context":{"id":"4a889532-229f-4662-a592-5bb6d0bb302e", "isDeleted:":"true", "version":"1702973023655"}}
{"logTime": "1221/014824", "correlationVector":"F+vDhZNCkQlfCGxN4WEKY6.150","action":"GetUpdates", "result":"DeleteReceived", "context":{"id":"cf56244f-2d61-480e-9777-b192365507c7", "isDeleted:":"true", "version":"1702975753111"}}
{"logTime": "1221/014824", "correlationVector":"F+vDhZNCkQlfCGxN4WEKY6.151","action":"GetUpdates", "result":"DeleteReceived", "context":{"id":"5f8170ce-dce1-4f34-835a-639f2c14f7d9", "isDeleted:":"true", "version":"1702976181573"}}
{"logTime": "1221/014824", "correlationVector":"F+vDhZNCkQlfCGxN4WEKY6.152","action":"GetUpdates", "result":"DeleteReceived", "context":{"id":"aa448278-c633-4a2a-ba08-5987ef796f90", "isDeleted:":"true", "version":"1702976274226"}}
{"logTime": "1221/014824", "correlationVector":"F+vDhZNCkQlfCGxN4WEKY6.153","action":"GetUpdates", "result":"DeleteReceived", "context":{"id":"6c287a39-dd90-433f-b32a-99ec2c0362dd", "isDeleted:":"true", "version":"1702977361722"}}
{"logTime": "1221/014824", "correlationVector":"F+vDhZNCkQlfCGxN4WEKY6.154","action":"GetUpdates", "result":"DeleteReceived", "context":{"id":"118fd250-f5f7-42d4-a767-44961b45284a", "isDeleted:":"true", "version":"1702977361723"}}
{"logTime": "1221/014824", "correlationVector":"F+vDhZNCkQlfCGxN4WEKY6.155","action":"GetUpdates", "result":"DeleteReceived", "context":{"id":"302a8024-5773-4a24-8eac-d9ff6ff57cbf", "isDeleted:":"true", "version":"1702978662864"}}
{"logTime": "1221/014824", "correlationVector":"F+vDhZNCkQlfCGxN4WEKY6.156","action":"GetUpdates", "result":"DeleteReceived", "context":{"id":"d54d9a18-6873-4172-b96e-368d8f87888e", "isDeleted:":"true", "version":"1702978765192"}}
{"logTime": "1221/014824", "correlationVector":"F+vDhZNCkQlfCGxN4WEKY6.157","action":"GetUpdates", "result":"DeleteReceived", "context":{"id":"2c28a23a-c61c-41a3-97f5-cb7a79bad8cd", "isDeleted:":"true", "version":"1702979968711"}}
{"logTime": "1221/014824", "correlationVector":"F+vDhZNCkQlfCGxN4WEKY6.158","action":"GetUpdates", "result":"DeleteReceived", "context":{"id":"4179dfdc-3ed3-4d0f-9719-2569ff607a70", "isDeleted:":"true", "version":"1702979968712"}}
{"logTime": "1221/014824", "correlationVector":"F+vDhZNCkQlfCGxN4WEKY6.159","action":"GetUpdates", "result":"DeleteReceived", "context":{"id":"b79a7264-10d1-4bc7-a55d-074b29785d92", "isDeleted:":"true", "version":"1702980510462"}}
{"logTime": "1221/014824", "correlationVector":"F+vDhZNCkQlfCGxN4WEKY6.160","action":"GetUpdates", "result":"DeleteReceived", "context":{"id":"db455f94-ca12-4fc0-ab4d-8624c08db6c9", "isDeleted:":"true", "version":"1702980510465"}}
{"logTime": "1221/014824", "correlationVector":"F+vDhZNCkQlfCGxN4WEKY6.161","action":"GetUpdates", "result":"DeleteReceived", "context":{"id":"59af9c5d-e333-4777-9029-88c915fe763f", "isDeleted:":"true", "version":"1702980571836"}}
{"logTime": "1221/014824", "correlationVector":"F+vDhZNCkQlfCGxN4WEKY6.162","action":"GetUpdates", "result":"DeleteReceived", "context":{"id":"3acf6d15-42c3-46c1-8431-cd9f241ac636", "isDeleted:":"true", "version":"1702980895470"}}
{"logTime": "1221/014824", "correlationVector":"F+vDhZNCkQlfCGxN4WEKY6.163","action":"GetUpdates", "result":"DeleteReceived", "context":{"id":"c93b9dc7-f4e6-4fbc-ab83-34d5ca27b054", "isDeleted:":"true", "version":"1702981580648"}}
{"logTime": "1221/014824", "correlationVector":"F+vDhZNCkQlfCGxN4WEKY6.164","action":"GetUpdates", "result":"DeleteReceived", "context":{"id":"f587741c-6078-460e-9075-f867fbd63657", "isDeleted:":"true", "version":"1702981580649"}}
{"logTime": "1221/014824", "correlationVector":"F+vDhZNCkQlfCGxN4WEKY6.165","action":"GetUpdates", "result":"DeleteReceived", "context":{"id":"68f52cef-f4cb-4056-9e52-840aef02b8ee", "isDeleted:":"true", "version":"1702982009691"}}
{"logTime": "1221/014824", "correlationVector":"F+vDhZNCkQlfCGxN4WEKY6.166","action":"GetUpdates", "result":"DeleteReceived", "context":{"id":"57991f1e-d0da-4b4f-8f8d-a6f875339595", "isDeleted:":"true", "version":"1702994564778"}}
{"logTime": "1221/014824", "correlationVector":"F+vDhZNCkQlfCGxN4WEKY6.167","action":"GetUpdates", "result":"DeleteReceived", "context":{"id":"22eb92ec-f13e-49de-8fdb-0d33f21a7cc5", "isDeleted:":"true", "version":"1702994700922"}}
{"logTime": "1221/014824", "correlationVector":"F+vDhZNCkQlfCGxN4WEKY6.168","action":"GetUpdates", "result":"DeleteReceived", "context":{"id":"773bd13f-82c6-4d8e-86e0-ec315e4b9d16", "isDeleted:":"true", "version":"1702997487370"}}
{"logTime": "1221/014824", "correlationVector":"F+vDhZNCkQlfCGxN4WEKY6.169","action":"GetUpdates", "result":"DeleteReceived", "context":{"id":"f1f9335b-5930-451b-9d3f-7aaaf987fbd3", "isDeleted:":"true", "version":"1702999444069"}}
{"logTime": "1221/014824", "correlationVector":"F+vDhZNCkQlfCGxN4WEKY6.170","action":"GetUpdates", "result":"DeleteReceived", "context":{"id":"0d948314-db73-41dc-9c0c-003831e564ca", "isDeleted:":"true", "version":"1702999444070"}}
{"logTime": "1221/014824", "correlationVector":"F+vDhZNCkQlfCGxN4WEKY6.171","action":"GetUpdates", "result":"DeleteReceived", "context":{"id":"b1fe2911-dbec-4661-9b94-240e3cbf2194", "isDeleted:":"true", "version":"1702999444071"}}
{"logTime": "1221/014824", "correlationVector":"F+vDhZNCkQlfCGxN4WEKY6.172","action":"GetUpdates", "result":"DeleteReceived", "context":{"id":"54b38cc0-618f-4ae6-9821-bf5b49fbc04f", "isDeleted:":"true", "version":"1702999444073"}}
{"logTime": "1221/014824", "correlationVector":"F+vDhZNCkQlfCGxN4WEKY6.173","action":"GetUpdates", "result":"DeleteReceived", "context":{"id":"41f65302-db01-470a-9eb5-56bda89ac4c6", "isDeleted:":"true", "version":"1703000307795"}}
{"logTime": "1221/014824", "correlationVector":"F+vDhZNCkQlfCGxN4WEKY6.174","action":"GetUpdates", "result":"DeleteReceived", "context":{"id":"5576e1ae-1717-4e8e-aea3-8bf3f39a294b", "isDeleted:":"true", "version":"1703003669407"}}
{"logTime": "1221/014824", "correlationVector":"F+vDhZNCkQlfCGxN4WEKY6.175","action":"GetUpdates", "result":"DeleteReceived", "context":{"id":"2ed6149d-acae-4596-8117-e1370a6e7448", "isDeleted:":"true", "version":"1703003795974"}}
{"logTime": "1221/014824", "correlationVector":"F+vDhZNCkQlfCGxN4WEKY6.176","action":"GetUpdates", "result":"DeleteReceived", "context":{"id":"00062890-e8be-4730-bc95-c910bc41cc0b", "isDeleted:":"true", "version":"1703003827994"}}
{"logTime": "1221/014824", "correlationVector":"F+vDhZNCkQlfCGxN4WEKY6.177","action":"GetUpdates", "result":"DeleteReceived", "context":{"id":"37d0b601-0289-4b87-8828-2441724179b9", "isDeleted:":"true", "version":"1703003930016"}}
{"logTime": "1221/014824", "correlationVector":"F+vDhZNCkQlfCGxN4WEKY6.178","action":"GetUpdates", "result":"DeleteReceived", "context":{"id":"6aed0cb9-642a-4801-a7ad-ef35fb08462f", "isDeleted:":"true", "version":"1703035672670"}}
{"logTime": "1221/014824", "correlationVector":"F+vDhZNCkQlfCGxN4WEKY6.179","action":"GetUpdates", "result":"DeleteReceived", "context":{"id":"bbb26d28-259b-4b59-9576-5c705bff18f2", "isDeleted:":"true", "version":"1703035672671"}}
{"logTime": "1221/014824", "correlationVector":"F+vDhZNCkQlfCGxN4WEKY6.180","action":"GetUpdates", "result":"DeleteReceived", "context":{"id":"686aea11-026b-4289-88e9-f26e7e8eb964", "isDeleted:":"true", "version":"1703035672672"}}
{"logTime": "1221/014824", "correlationVector":"F+vDhZNCkQlfCGxN4WEKY6.181","action":"GetUpdates", "result":"DeleteReceived", "context":{"id":"d6badfb3-52ff-4dcf-b389-cb469c41ff83", "isDeleted:":"true", "version":"1703035831231"}}
{"logTime": "1221/014824", "correlationVector":"F+vDhZNCkQlfCGxN4WEKY6.182","action":"GetUpdates", "result":"DeleteReceived", "context":{"id":"08494f93-7033-4bc6-99fd-546c0fa2df3f", "isDeleted:":"true", "version":"1703035831232"}}
{"logTime": "1221/014824", "correlationVector":"F+vDhZNCkQlfCGxN4WEKY6.183","action":"GetUpdates", "result":"DeleteReceived", "context":{"id":"b55f5ed0-8b26-41f8-b37b-017753a5df9b", "isDeleted:":"true", "version":"1703036475028"}}
{"logTime": "1221/014824", "correlationVector":"F+vDhZNCkQlfCGxN4WEKY6.184","action":"GetUpdates", "result":"DeleteReceived", "context":{"id":"8106e075-96ae-431d-ad8b-12cae2ca9ff6", "isDeleted:":"true", "version":"1703037218029"}}
{"logTime": "1221/014824", "correlationVector":"F+vDhZNCkQlfCGxN4WEKY6.185","action":"GetUpdates", "result":"DeleteReceived", "context":{"id":"12bf2944-dffe-4500-86e7-f673806d43c8", "isDeleted:":"true", "version":"1703037218030"}}
{"logTime": "1221/014824", "correlationVector":"F+vDhZNCkQlfCGxN4WEKY6.186","action":"GetUpdates", "result":"DeleteReceived", "context":{"id":"c206daa5-81ba-4072-b521-8583010fd605", "isDeleted:":"true", "version":"1703037295202"}}
{"logTime": "1221/014824", "correlationVector":"F+vDhZNCkQlfCGxN4WEKY6.187","action":"GetUpdates", "result":"DeleteReceived", "context":{"id":"f43cce24-0bff-418f-8162-e85d2dda40df", "isDeleted:":"true", "version":"1703037370254"}}
{"logTime": "1221/014824", "correlationVector":"F+vDhZNCkQlfCGxN4WEKY6.188","action":"GetUpdates", "result":"DeleteReceived", "context":{"id":"4d390414-9e88-48e5-9a80-3e8d16ff14ca", "isDeleted:":"true", "version":"1703037477299"}}
{"logTime": "1221/014824", "correlationVector":"F+vDhZNCkQlfCGxN4WEKY6.189","action":"GetUpdates", "result":"DeleteReceived", "context":{"id":"edd08aca-8c9f-4e1a-a2bc-6ddfeb5d6365", "isDeleted:":"true", "version":"1703037817405"}}
{"logTime": "1221/014824", "correlationVector":"F+vDhZNCkQlfCGxN4WEKY6.190","action":"GetUpdates", "result":"DeleteReceived", "context":{"id":"119e16ea-154e-4086-b976-ddeb7f1ba174", "isDeleted:":"true", "version":"1703038352729"}}
{"logTime": "1221/014824", "correlationVector":"F+vDhZNCkQlfCGxN4WEKY6.191","action":"GetUpdates", "result":"DeleteReceived", "context":{"id":"9fab55e8-ba9b-4559-9ee9-7d6fa6925cd4", "isDeleted:":"true", "version":"1703038556716"}}
{"logTime": "1221/014824", "correlationVector":"F+vDhZNCkQlfCGxN4WEKY6.192","action":"GetUpdates", "result":"DeleteReceived", "context":{"id":"f75b69c2-86aa-49ff-b617-ee0352b444e9", "isDeleted:":"true", "version":"1703039037077"}}
{"logTime": "1221/014824", "correlationVector":"F+vDhZNCkQlfCGxN4WEKY6.193","action":"GetUpdates", "result":"DeleteReceived", "context":{"id":"3b8ac076-93c8-4c4f-91a1-1618bbc86239", "isDeleted:":"true", "version":"1703039734615"}}
{"logTime": "1221/014824", "correlationVector":"F+vDhZNCkQlfCGxN4WEKY6.194","action":"GetUpdates", "result":"DeleteReceived", "context":{"id":"3a722ac8-fe32-417f-a0c8-d3955d1ee46c", "isDeleted:":"true", "version":"1703040145608"}}
{"logTime": "1221/014824", "correlationVector":"F+vDhZNCkQlfCGxN4WEKY6.195","action":"GetUpdates", "result":"DeleteReceived", "context":{"id":"4741705d-c771-4159-b4f7-ee0338f4996f", "isDeleted:":"true", "version":"1703040145609"}}
{"logTime": "1221/014824", "correlationVector":"F+vDhZNCkQlfCGxN4WEKY6.196","action":"GetUpdates", "result":"DeleteReceived", "context":{"id":"186a1690-5d65-4101-bd1a-ca8cf04102ec", "isDeleted:":"true", "version":"1703040402328"}}
{"logTime": "1221/014824", "correlationVector":"F+vDhZNCkQlfCGxN4WEKY6.197","action":"GetUpdates", "result":"DeleteReceived", "context":{"id":"b75820e4-16dc-4b46-8f07-fb4b97562835", "isDeleted:":"true", "version":"1703041416691"}}
{"logTime": "1221/014824", "correlationVector":"F+vDhZNCkQlfCGxN4WEKY6.198","action":"GetUpdates", "result":"DeleteReceived", "context":{"id":"dd67c429-cf64-4afa-b118-d548483ea154", "isDeleted:":"true", "version":"1703041416692"}}
{"logTime": "1221/014824", "correlationVector":"F+vDhZNCkQlfCGxN4WEKY6.199","action":"GetUpdates", "result":"DeleteReceived", "context":{"id":"0ccb21a7-c520-4837-96de-a14063a93826", "isDeleted:":"true", "version":"1703041451454"}}
{"logTime": "1221/014824", "correlationVector":"F+vDhZNCkQlfCGxN4WEKY6.200","action":"GetUpdates", "result":"DeleteReceived", "context":{"id":"32ead0d2-3eb2-4d98-9372-068b5288b394", "isDeleted:":"true", "version":"1703041773458"}}
{"logTime": "1221/014824", "correlationVector":"F+vDhZNCkQlfCGxN4WEKY6.201","action":"GetUpdates", "result":"DeleteReceived", "context":{"id":"3307ddf4-6ecd-4b56-8fd2-7fa946f94437", "isDeleted:":"true", "version":"1703041804403"}}
{"logTime": "1221/014824", "correlationVector":"F+vDhZNCkQlfCGxN4WEKY6.202","action":"GetUpdates", "result":"DeleteReceived", "context":{"id":"7416cf45-9e43-4bf5-ae27-5fe642064fe8", "isDeleted:":"true", "version":"1703041804404"}}
{"logTime": "1221/014824", "correlationVector":"F+vDhZNCkQlfCGxN4WEKY6.203","action":"GetUpdates", "result":"DeleteReceived", "context":{"id":"c05f5938-9af7-4f0e-8cf0-415412ee1d06", "isDeleted:":"true", "version":"1703041873916"}}
{"logTime": "1221/014824", "correlationVector":"F+vDhZNCkQlfCGxN4WEKY6.204","action":"GetUpdates", "result":"DeleteReceived", "context":{"id":"eca60f67-b988-46bd-954e-a201e2132c31", "isDeleted:":"true", "version":"1703042022112"}}
{"logTime": "1221/014824", "correlationVector":"F+vDhZNCkQlfCGxN4WEKY6.205","action":"GetUpdates", "result":"DeleteReceived", "context":{"id":"c93da1b2-f8b5-4357-b219-784f048af3f0", "isDeleted:":"true", "version":"1703042022115"}}
{"logTime": "1221/014824", "correlationVector":"F+vDhZNCkQlfCGxN4WEKY6.206","action":"GetUpdates", "result":"DeleteReceived", "context":{"id":"1c237cb1-01a0-491b-97b1-cbdd28250f69", "isDeleted:":"true", "version":"1703042052663"}}
{"logTime": "1221/014824", "correlationVector":"F+vDhZNCkQlfCGxN4WEKY6.207","action":"GetUpdates", "result":"DeleteReceived", "context":{"id":"375bbbb7-02bc-4d70-bd97-8aaca011c673", "isDeleted:":"true", "version":"1703042102986"}}
{"logTime": "1221/014824", "correlationVector":"F+vDhZNCkQlfCGxN4WEKY6.208","action":"GetUpdates", "result":"DeleteReceived", "context":{"id":"fcfd0786-687a-409b-88b3-1c7ff0a681ef", "isDeleted:":"true", "version":"1703042301152"}}
{"logTime": "1221/014824", "correlationVector":"F+vDhZNCkQlfCGxN4WEKY6.209","action":"GetUpdates", "result":"DeleteReceived", "context":{"id":"c126ceaa-c0e6-4956-9484-7c128c7e69c9", "isDeleted:":"true", "version":"1703042401364"}}
{"logTime": "1221/014824", "correlationVector":"F+vDhZNCkQlfCGxN4WEKY6.210","action":"GetUpdates", "result":"DeleteReceived", "context":{"id":"9c00d427-ee40-48da-9f11-315370c0db1a", "isDeleted:":"true", "version":"1703042401366"}}
{"logTime": "1221/014824", "correlationVector":"F+vDhZNCkQlfCGxN4WEKY6.211","action":"GetUpdates", "result":"DeleteReceived", "context":{"id":"3a7245f9-b794-43b3-bd7a-aad248b14de4", "isDeleted:":"true", "version":"1703042536264"}}
{"logTime": "1221/014824", "correlationVector":"F+vDhZNCkQlfCGxN4WEKY6.212","action":"GetUpdates", "result":"DeleteReceived", "context":{"id":"505a860a-ff90-44c4-9d5c-0c7f736de766", "isDeleted:":"true", "version":"1703042975079"}}
{"logTime": "1221/014824", "correlationVector":"F+vDhZNCkQlfCGxN4WEKY6.213","action":"GetUpdates", "result":"DeleteReceived", "context":{"id":"23a806a3-a0fa-42f6-9836-669ed47a98d5", "isDeleted:":"true", "version":"1703043027109"}}
{"logTime": "1221/014824", "correlationVector":"F+vDhZNCkQlfCGxN4WEKY6.214","action":"GetUpdates Response", "result":"SERVER_MORE_TO_DOWNLOAD", "context":Received 250 update(s).  Some updates remain.}
{"logTime": "1221/014824", "correlationVector":"nmIzofuWwUNDPsIdfd4hTe","action":"Initial GetUpdates", "result":"", "context":Reason: RECONFIGURATION. cV=nmIzofuWwUNDPsIdfd4hTe}
{"logTime": "1221/014824", "correlationVector":"nmIzofuWwUNDPsIdfd4hTe.1","action":"SyncServerConnectionManagerRequest", "result":"SYNC_SERVER_OK", "context":{"environment":"Prod_SoutheastAsia_000j", "migrationStage":"NotStarted", "server":"GENERAL0100000S"}}
{"logTime": "1221/014824", "correlationVector":"nmIzofuWwUNDPsIdfd4hTe.2","action":"GetUpdates", "result":"DeleteReceived", "context":{"id":"b1bf6877-471d-4be0-8302-1481a61cf153", "isDeleted:":"true", "version":"1703044264072"}}
{"logTime": "1221/014824", "correlationVector":"nmIzofuWwUNDPsIdfd4hTe.3","action":"GetUpdates", "result":"DeleteReceived", "context":{"id":"855c1a2a-4869-4231-b361-49ee54286831", "isDeleted:":"true", "version":"1703044298431"}}
{"logTime": "1221/014824", "correlationVector":"nmIzofuWwUNDPsIdfd4hTe.4","action":"GetUpdates", "result":"DeleteReceived", "context":{"id":"c6c76cf5-5ffb-4d2c-b645-8cd807fc025d", "isDeleted:":"true", "version":"1703044624538"}}
{"logTime": "1221/014824", "correlationVector":"nmIzofuWwUNDPsIdfd4hTe.5","action":"GetUpdates", "result":"DeleteReceived", "context":{"id":"38e3c3c9-e6cc-43e3-b456-a19c952c15dc", "isDeleted:":"true", "version":"1703044749653"}}
{"logTime": "1221/014824", "correlationVector":"nmIzofuWwUNDPsIdfd4hTe.6","action":"GetUpdates", "result":"DeleteReceived", "context":{"id":"fa9ec599-f452-40ee-8749-45d8aa5fc1e6", "isDeleted:":"true", "version":"1703044900101"}}
{"logTime": "1221/014824", "correlationVector":"nmIzofuWwUNDPsIdfd4hTe.7","action":"GetUpdates", "result":"DeleteReceived", "context":{"id":"87539a7d-0589-4283-b235-ba619667aa3a", "isDeleted:":"true", "version":"1703046237382"}}
{"logTime": "1221/014824", "correlationVector":"nmIzofuWwUNDPsIdfd4hTe.8","action":"GetUpdates", "result":"DeleteReceived", "context":{"id":"686c45bf-50f4-4f29-ab5d-bf2f8d6c1e69", "isDeleted:":"true", "version":"1703046237383"}}
{"logTime": "1221/014824", "correlationVector":"nmIzofuWwUNDPsIdfd4hTe.9","action":"GetUpdates", "result":"DeleteReceived", "context":{"id":"5ebcd46b-5f1f-4f76-a05b-d73813f318cb", "isDeleted:":"true", "version":"1703047569422"}}
{"logTime": "1221/014824", "correlationVector":"nmIzofuWwUNDPsIdfd4hTe.10","action":"GetUpdates", "result":"DeleteReceived", "context":{"id":"79a517ba-6e7b-4097-9d00-10d0aca2d069", "isDeleted:":"true", "version":"1703048160437"}}
{"logTime": "1221/014824", "correlationVector":"nmIzofuWwUNDPsIdfd4hTe.11","action":"GetUpdates", "result":"DeleteReceived", "context":{"id":"9d288c50-4c1d-4a97-8d69-b8cd40378469", "isDeleted:":"true", "version":"1703049051896"}}
{"logTime": "1221/014824", "correlationVector":"nmIzofuWwUNDPsIdfd4hTe.12","action":"GetUpdates", "result":"DeleteReceived", "context":{"id":"f8cbeb50-4fec-4909-a747-3cbf5add919b", "isDeleted:":"true", "version":"1703049096825"}}
{"logTime": "1221/014824", "correlationVector":"nmIzofuWwUNDPsIdfd4hTe.13","action":"GetUpdates", "result":"DeleteReceived", "context":{"id":"682a1186-2ae0-4073-95a1-27410640f799", "isDeleted:":"true", "version":"1703051631572"}}
{"logTime": "1221/014824", "correlationVector":"nmIzofuWwUNDPsIdfd4hTe.14","action":"GetUpdates", "result":"DeleteReceived", "context":{"id":"6521ae78-8eae-4363-bfe6-c63be6ab405e", "isDeleted:":"true", "version":"1703052357319"}}
{"logTime": "1221/014824", "correlationVector":"nmIzofuWwUNDPsIdfd4hTe.15","action":"GetUpdates", "result":"DeleteReceived", "context":{"id":"3c25b631-07b2-4850-8611-9fc5c91e424d", "isDeleted:":"true", "version":"1703052639075"}}
{"logTime": "1221/014824", "correlationVector":"nmIzofuWwUNDPsIdfd4hTe.16","action":"GetUpdates", "result":"DeleteReceived", "context":{"id":"d0380325-2496-4575-ab20-b3d6e3f36e21", "isDeleted:":"true", "version":"1703052681770"}}
{"logTime": "1221/014824", "correlationVector":"nmIzofuWwUNDPsIdfd4hTe.17","action":"GetUpdates", "result":"DeleteReceived", "context":{"id":"dd8944d1-da23-4757-bb52-81b592629ec5", "isDeleted:":"true", "version":"1703052765788"}}
{"logTime": "1221/014824", "correlationVector":"nmIzofuWwUNDPsIdfd4hTe.18","action":"GetUpdates", "result":"DeleteReceived", "context":{"id":"3596c9ed-7047-495c-91fd-62fad80a9d53", "isDeleted:":"true", "version":"1703052839706"}}
{"logTime": "1221/014824", "correlationVector":"nmIzofuWwUNDPsIdfd4hTe.19","action":"GetUpdates", "result":"DeleteReceived", "context":{"id":"27137aac-7e34-47a0-aee4-aaf3d3a0d3ba", "isDeleted:":"true", "version":"1703053814228"}}
{"logTime": "1221/014824", "correlationVector":"nmIzofuWwUNDPsIdfd4hTe.20","action":"GetUpdates", "result":"DeleteReceived", "context":{"id":"1713aded-30b8-4662-8859-8a8347da6873", "isDeleted:":"true", "version":"1703053899379"}}
{"logTime": "1221/014824", "correlationVector":"nmIzofuWwUNDPsIdfd4hTe.21","action":"GetUpdates", "result":"DeleteReceived", "context":{"id":"bcc731aa-9d5c-4378-b10d-6a87f6e92ee4", "isDeleted:":"true", "version":"1703054096068"}}
{"logTime": "1221/014824", "correlationVector":"nmIzofuWwUNDPsIdfd4hTe.22","action":"GetUpdates", "result":"DeleteReceived", "context":{"id":"0a6f6322-f04a-4994-a3b9-0ea13b3b98c3", "isDeleted:":"true", "version":"1703054139506"}}
{"logTime": "1221/014824", "correlationVector":"nmIzofuWwUNDPsIdfd4hTe.23","action":"GetUpdates", "result":"DeleteReceived", "context":{"id":"c887dce5-edec-48f5-8683-020977c82470", "isDeleted:":"true", "version":"1703054721025"}}
{"logTime": "1221/014824", "correlationVector":"nmIzofuWwUNDPsIdfd4hTe.24","action":"GetUpdates", "result":"DeleteReceived", "context":{"id":"14c5e8a1-3b4f-4db4-9171-3a6bb354c130", "isDeleted:":"true", "version":"1703055033911"}}
{"logTime": "1221/014824", "correlationVector":"nmIzofuWwUNDPsIdfd4hTe.25","action":"GetUpdates", "result":"DeleteReceived", "context":{"id":"bd68aa98-c71f-4b30-971f-b22ce47e5532", "isDeleted:":"true", "version":"1703055067707"}}
{"logTime": "1221/014824", "correlationVector":"nmIzofuWwUNDPsIdfd4hTe.26","action":"GetUpdates", "result":"DeleteReceived", "context":{"id":"eb939473-8691-4a35-b20a-f188c35856b8", "isDeleted:":"true", "version":"1703055244722"}}
{"logTime": "1221/014824", "correlationVector":"nmIzofuWwUNDPsIdfd4hTe.27","action":"GetUpdates", "result":"DeleteReceived", "context":{"id":"4481f864-6a3b-4507-90e7-bbb9fc7c8881", "isDeleted:":"true", "version":"1703055366953"}}
{"logTime": "1221/014824", "correlationVector":"nmIzofuWwUNDPsIdfd4hTe.28","action":"GetUpdates", "result":"DeleteReceived", "context":{"id":"531bec9f-b3c3-4599-953d-d7160cd7a410", "isDeleted:":"true", "version":"1703055549870"}}
{"logTime": "1221/014824", "correlationVector":"nmIzofuWwUNDPsIdfd4hTe.29","action":"GetUpdates", "result":"DeleteReceived", "context":{"id":"a6b5c73c-bc9d-4cb0-9176-7bbf57249cfb", "isDeleted:":"true", "version":"1703055589711"}}
{"logTime": "1221/014824", "correlationVector":"nmIzofuWwUNDPsIdfd4hTe.30","action":"GetUpdates", "result":"DeleteReceived", "context":{"id":"2061d6f7-2d62-47c9-943e-a474345e6fd3", "isDeleted:":"true", "version":"1703055650470"}}
{"logTime": "1221/014824", "correlationVector":"nmIzofuWwUNDPsIdfd4hTe.31","action":"GetUpdates", "result":"DeleteReceived", "context":{"id":"0dd42341-2f1a-4ac1-a577-1ab39198cce8", "isDeleted:":"true", "version":"1703055683203"}}
{"logTime": "1221/014824", "correlationVector":"nmIzofuWwUNDPsIdfd4hTe.32","action":"GetUpdates", "result":"DeleteReceived", "context":{"id":"412ceae9-5a55-4d52-9049-0963ad317dea", "isDeleted:":"true", "version":"1703056051265"}}
{"logTime": "1221/014824", "correlationVector":"nmIzofuWwUNDPsIdfd4hTe.33","action":"GetUpdates", "result":"DeleteReceived", "context":{"id":"19449445-2b27-4a1b-9484-c4ec8df4ed90", "isDeleted:":"true", "version":"1703056483202"}}
{"logTime": "1221/014824", "correlationVector":"nmIzofuWwUNDPsIdfd4hTe.34","action":"GetUpdates", "result":"DeleteReceived", "context":{"id":"c7b3e591-b236-4da8-850a-56027de9c498", "isDeleted:":"true", "version":"1703056658225"}}
{"logTime": "1221/014824", "correlationVector":"nmIzofuWwUNDPsIdfd4hTe.35","action":"GetUpdates", "result":"DeleteReceived", "context":{"id":"f4297257-3327-43ec-891b-99a0c33c6fba", "isDeleted:":"true", "version":"1703057483925"}}
{"logTime": "1221/014824", "correlationVector":"nmIzofuWwUNDPsIdfd4hTe.36","action":"GetUpdates", "result":"DeleteReceived", "context":{"id":"03524b18-b945-4258-9714-ee566702bff0", "isDeleted:":"true", "version":"1703057483926"}}
{"logTime": "1221/014824", "correlationVector":"nmIzofuWwUNDPsIdfd4hTe.37","action":"GetUpdates", "result":"DeleteReceived", "context":{"id":"2ea48315-489c-4d64-8a16-6f683e15e45e", "isDeleted:":"true", "version":"1703057564673"}}
{"logTime": "1221/014824", "correlationVector":"nmIzofuWwUNDPsIdfd4hTe.38","action":"GetUpdates", "result":"DeleteReceived", "context":{"id":"554150bd-c206-4acc-9a91-6c9a8f5aea9f", "isDeleted:":"true", "version":"1703058166598"}}
{"logTime": "1221/014824", "correlationVector":"nmIzofuWwUNDPsIdfd4hTe.39","action":"GetUpdates", "result":"DeleteReceived", "context":{"id":"e35a92f0-a357-48a1-82eb-d065ea606b29", "isDeleted:":"true", "version":"1703058704198"}}
{"logTime": "1221/014824", "correlationVector":"nmIzofuWwUNDPsIdfd4hTe.40","action":"GetUpdates", "result":"DeleteReceived", "context":{"id":"8d10e365-f5c5-4af1-8d2f-1afe84255c97", "isDeleted:":"true", "version":"1703058704199"}}
{"logTime": "1221/014824", "correlationVector":"nmIzofuWwUNDPsIdfd4hTe.41","action":"GetUpdates", "result":"DeleteReceived", "context":{"id":"828cc337-bffc-4dbc-97eb-8a1db774d938", "isDeleted:":"true", "version":"1703059255275"}}
{"logTime": "1221/014824", "correlationVector":"nmIzofuWwUNDPsIdfd4hTe.42","action":"GetUpdates", "result":"DeleteReceived", "context":{"id":"1e26b455-86fa-4b9c-a76e-3d76930953fd", "isDeleted:":"true", "version":"1703059324127"}}
{"logTime": "1221/014824", "correlationVector":"nmIzofuWwUNDPsIdfd4hTe.43","action":"GetUpdates", "result":"DeleteReceived", "context":{"id":"fb06f569-5b60-4e1b-8a33-2335a31f9775", "isDeleted:":"true", "version":"1703059324128"}}
{"logTime": "1221/014824", "correlationVector":"nmIzofuWwUNDPsIdfd4hTe.44","action":"GetUpdates", "result":"DeleteReceived", "context":{"id":"dcf3acf8-9f5e-4036-b23a-08d959b2cfe1", "isDeleted:":"true", "version":"1703059356296"}}
{"logTime": "1221/014824", "correlationVector":"nmIzofuWwUNDPsIdfd4hTe.45","action":"GetUpdates", "result":"DeleteReceived", "context":{"id":"b3abba42-04d2-42cb-9f18-b82f27173a57", "isDeleted:":"true", "version":"1703059387880"}}
{"logTime": "1221/014824", "correlationVector":"nmIzofuWwUNDPsIdfd4hTe.46","action":"GetUpdates", "result":"DeleteReceived", "context":{"id":"1f8855a9-8680-403a-b4d7-91448682f057", "isDeleted:":"true", "version":"1703060152916"}}
{"logTime": "1221/014824", "correlationVector":"nmIzofuWwUNDPsIdfd4hTe.47","action":"GetUpdates", "result":"DeleteReceived", "context":{"id":"4d48b3a2-57eb-497e-92aa-342263418555", "isDeleted:":"true", "version":"1703060215011"}}
{"logTime": "1221/014824", "correlationVector":"nmIzofuWwUNDPsIdfd4hTe.48","action":"GetUpdates", "result":"DeleteReceived", "context":{"id":"ff98ecd7-35f5-4c58-970d-a426eb4b3181", "isDeleted:":"true", "version":"1703060286900"}}
{"logTime": "1221/014824", "correlationVector":"nmIzofuWwUNDPsIdfd4hTe.49","action":"GetUpdates", "result":"DeleteReceived", "context":{"id":"8449342d-cf1f-4d56-ae6a-c54ccb3903aa", "isDeleted:":"true", "version":"1703060286903"}}
{"logTime": "1221/014824", "correlationVector":"nmIzofuWwUNDPsIdfd4hTe.50","action":"GetUpdates", "result":"DeleteReceived", "context":{"id":"75f4d9e0-2a92-414f-831e-e7817c6e826c", "isDeleted:":"true", "version":"1703060317571"}}
{"logTime": "1221/014824", "correlationVector":"nmIzofuWwUNDPsIdfd4hTe.51","action":"GetUpdates", "result":"DeleteReceived", "context":{"id":"3203eb70-5670-46cb-8535-ccccc179878f", "isDeleted:":"true", "version":"1703060398989"}}
{"logTime": "1221/014824", "correlationVector":"nmIzofuWwUNDPsIdfd4hTe.52","action":"GetUpdates", "result":"DeleteReceived", "context":{"id":"6b13da6f-668b-4e52-9c52-2b59884fef75", "isDeleted:":"true", "version":"1703060398990"}}
{"logTime": "1221/014824", "correlationVector":"nmIzofuWwUNDPsIdfd4hTe.53","action":"GetUpdates", "result":"DeleteReceived", "context":{"id":"47d9f907-4e90-49c4-9e42-ce08a31406b9", "isDeleted:":"true", "version":"1703060398991"}}
{"logTime": "1221/014824", "correlationVector":"nmIzofuWwUNDPsIdfd4hTe.54","action":"GetUpdates", "result":"DeleteReceived", "context":{"id":"45f9adfb-e95c-4e84-bc80-0bcc95cca1fe", "isDeleted:":"true", "version":"1703060717213"}}
{"logTime": "1221/014824", "correlationVector":"nmIzofuWwUNDPsIdfd4hTe.55","action":"GetUpdates", "result":"DeleteReceived", "context":{"id":"9e2a9ef9-b2d7-4a2b-9f5d-9a751270b629", "isDeleted:":"true", "version":"1703060781378"}}
{"logTime": "1221/014824", "correlationVector":"nmIzofuWwUNDPsIdfd4hTe.56","action":"GetUpdates", "result":"DeleteReceived", "context":{"id":"d35ef74b-be88-4b99-b511-b99f55ebbcc3", "isDeleted:":"true", "version":"1703060781379"}}
{"logTime": "1221/014824", "correlationVector":"nmIzofuWwUNDPsIdfd4hTe.57","action":"GetUpdates", "result":"DeleteReceived", "context":{"id":"036873ae-61bc-4522-a6a5-2ca1ba0f4dad", "isDeleted:":"true", "version":"1703060871345"}}
{"logTime": "1221/014824", "correlationVector":"nmIzofuWwUNDPsIdfd4hTe.58","action":"GetUpdates", "result":"DeleteReceived", "context":{"id":"3ab956b3-b3bf-48ff-b223-772d8273d217", "isDeleted:":"true", "version":"1703061109796"}}
{"logTime": "1221/014824", "correlationVector":"nmIzofuWwUNDPsIdfd4hTe.59","action":"GetUpdates", "result":"DeleteReceived", "context":{"id":"fb847d02-a325-493f-a7aa-15a099f0bdeb", "isDeleted:":"true", "version":"1703061323253"}}
{"logTime": "1221/014824", "correlationVector":"nmIzofuWwUNDPsIdfd4hTe.60","action":"GetUpdates", "result":"DeleteReceived", "context":{"id":"12c5f8d1-09df-40eb-b410-c7d6d2a892b3", "isDeleted:":"true", "version":"1703061714718"}}
{"logTime": "1221/014824", "correlationVector":"nmIzofuWwUNDPsIdfd4hTe.61","action":"GetUpdates", "result":"DeleteReceived", "context":{"id":"789e4f38-137d-47f7-b660-17c44f76a049", "isDeleted:":"true", "version":"1703061766373"}}
{"logTime": "1221/014824", "correlationVector":"nmIzofuWwUNDPsIdfd4hTe.62","action":"GetUpdates", "result":"DeleteReceived", "context":{"id":"16bcff19-5f91-4210-8daf-ca183c905910", "isDeleted:":"true", "version":"1703061766374"}}
{"logTime": "1221/014824", "correlationVector":"nmIzofuWwUNDPsIdfd4hTe.63","action":"GetUpdates", "result":"DeleteReceived", "context":{"id":"c62f6a1f-6bc7-4e25-af1a-8ca4a8d877a8", "isDeleted:":"true", "version":"1703062162497"}}
{"logTime": "1221/014824", "correlationVector":"nmIzofuWwUNDPsIdfd4hTe.64","action":"GetUpdates", "result":"DeleteReceived", "context":{"id":"c75154fa-f186-4ce7-80f9-2c46eb09d05c", "isDeleted:":"true", "version":"1703062484868"}}
{"logTime": "1221/014824", "correlationVector":"nmIzofuWwUNDPsIdfd4hTe.65","action":"GetUpdates", "result":"DeleteReceived", "context":{"id":"6e16f4b8-1b1e-467a-b8f0-8a9eb04d3dd0", "isDeleted:":"true", "version":"1703063378968"}}
{"logTime": "1221/014824", "correlationVector":"nmIzofuWwUNDPsIdfd4hTe.66","action":"GetUpdates", "result":"DeleteReceived", "context":{"id":"783b1a3a-2280-4675-a218-c99da1b32b14", "isDeleted:":"true", "version":"1703063516573"}}
{"logTime": "1221/014824", "correlationVector":"nmIzofuWwUNDPsIdfd4hTe.67","action":"GetUpdates", "result":"DeleteReceived", "context":{"id":"ad480d05-ed33-492c-b032-649a6fe61092", "isDeleted:":"true", "version":"1703063664878"}}
{"logTime": "1221/014824", "correlationVector":"nmIzofuWwUNDPsIdfd4hTe.68","action":"GetUpdates", "result":"DeleteReceived", "context":{"id":"29f66466-c3f9-42df-b1f8-b60f9879be7e", "isDeleted:":"true", "version":"1703063664879"}}
{"logTime": "1221/014824", "correlationVector":"nmIzofuWwUNDPsIdfd4hTe.69","action":"GetUpdates", "result":"DeleteReceived", "context":{"id":"caeada7b-0319-4636-a32d-c34978d1a739", "isDeleted:":"true", "version":"1703063664880"}}
{"logTime": "1221/014824", "correlationVector":"nmIzofuWwUNDPsIdfd4hTe.70","action":"GetUpdates", "result":"DeleteReceived", "context":{"id":"5f23df10-8538-4119-9315-9cb8b54839c0", "isDeleted:":"true", "version":"1703064396694"}}
{"logTime": "1221/014824", "correlationVector":"nmIzofuWwUNDPsIdfd4hTe.71","action":"GetUpdates", "result":"DeleteReceived", "context":{"id":"725dce22-cbf6-40eb-8979-f4e6afdc6152", "isDeleted:":"true", "version":"1703064948010"}}
{"logTime": "1221/014824", "correlationVector":"nmIzofuWwUNDPsIdfd4hTe.72","action":"GetUpdates", "result":"DeleteReceived", "context":{"id":"c2a79a04-b87b-4b69-b1ff-8627d552a96c", "isDeleted:":"true", "version":"1703065453254"}}
{"logTime": "1221/014824", "correlationVector":"nmIzofuWwUNDPsIdfd4hTe.73","action":"GetUpdates", "result":"DeleteReceived", "context":{"id":"8d0730a5-7fc6-4ccc-8b45-bda50899105d", "isDeleted:":"true", "version":"1703065961179"}}
{"logTime": "1221/014824", "correlationVector":"nmIzofuWwUNDPsIdfd4hTe.74","action":"GetUpdates", "result":"DeleteReceived", "context":{"id":"5b56326a-2a34-494c-b3c9-cc6408d3628e", "isDeleted:":"true", "version":"1703065961180"}}
{"logTime": "1221/014824", "correlationVector":"nmIzofuWwUNDPsIdfd4hTe.75","action":"GetUpdates", "result":"DeleteReceived", "context":{"id":"bb36db3d-b0a3-43d4-b31c-943eeb49a46f", "isDeleted:":"true", "version":"1703065961181"}}
{"logTime": "1221/014824", "correlationVector":"nmIzofuWwUNDPsIdfd4hTe.76","action":"GetUpdates", "result":"DeleteReceived", "context":{"id":"6a31d611-a0ea-41ac-a24d-1c653f73318f", "isDeleted:":"true", "version":"1703065961182"}}
{"logTime": "1221/014824", "correlationVector":"nmIzofuWwUNDPsIdfd4hTe.77","action":"GetUpdates", "result":"DeleteReceived", "context":{"id":"2164922e-b0ce-40af-83b9-25dea827e600", "isDeleted:":"true", "version":"1703066009056"}}
{"logTime": "1221/014824", "correlationVector":"nmIzofuWwUNDPsIdfd4hTe.78","action":"GetUpdates", "result":"DeleteReceived", "context":{"id":"3084652a-57b4-4f03-8a27-7ba59c72b779", "isDeleted:":"true", "version":"1703068026007"}}
{"logTime": "1221/014824", "correlationVector":"nmIzofuWwUNDPsIdfd4hTe.79","action":"GetUpdates", "result":"DeleteReceived", "context":{"id":"03459c8c-c6ba-4563-b2a3-9b7df0202cc9", "isDeleted:":"true", "version":"1703068223785"}}
{"logTime": "1221/014824", "correlationVector":"nmIzofuWwUNDPsIdfd4hTe.80","action":"GetUpdates", "result":"DeleteReceived", "context":{"id":"84341c3a-b975-47c2-952e-13f40f42224a", "isDeleted:":"true", "version":"1703122213449"}}
{"logTime": "1221/014824", "correlationVector":"nmIzofuWwUNDPsIdfd4hTe.81","action":"GetUpdates", "result":"DeleteReceived", "context":{"id":"46dcfbdf-a8ea-4376-82bc-01c51cb5dac9", "isDeleted:":"true", "version":"1703123210104"}}
{"logTime": "1221/014824", "correlationVector":"nmIzofuWwUNDPsIdfd4hTe.82","action":"GetUpdates Response", "result":"SYNCER_OK", "context":Received 102 update(s). cV=nmIzofuWwUNDPsIdfd4hTe.0;server=GENERAL0100000S;cloudType=Consumer;environment=Prod_SoutheastAsia_000j;migrationStage=NotStarted}
{"logTime": "1221/014824", "correlationVector":"kSrpOXwePyO+DyFaLq/meY","action":"Normal GetUpdate request", "result":"", "context":cV=kSrpOXwePyO+DyFaLq/meY
Nudged types: Bookmarks, Passwords, Sessions, Device Info
Refresh requested types: Bookmarks, Preferences, Passwords, Autofill Profiles, Autofill, Autofill Custom Data, Typed URLs, Extensions, Sessions, Extension settings, History Delete Directives, Device Info, User Consents, Send Tab To Self, Web Apps, Collection, Edge E Drop, Edge Hub App Usage, Edge Wallet, Encryption Keys}
{"logTime": "1221/014824", "correlationVector":"kSrpOXwePyO+DyFaLq/meY.1","action":"SyncServerConnectionManagerRequest", "result":"SYNC_SERVER_OK", "context":{"environment":"Prod_SoutheastAsia_000j", "migrationStage":"NotStarted", "server":"GENERAL0100001E"}}
{"logTime": "1221/014824", "correlationVector":"kSrpOXwePyO+DyFaLq/meY.2","action":"GetUpdates Response", "result":"SYNCER_OK", "context":Received 0 update(s). cV=kSrpOXwePyO+DyFaLq/meY.0;server=GENERAL0100001E;cloudType=Consumer;environment=Prod_SoutheastAsia_000j;migrationStage=NotStarted}
{"logTime": "1221/014824", "correlationVector":"rLD0EJ9oFlKZNS4LKeMHML","action":"Commit Request", "result":"", "context":Item count: 20
Contributing types: Passwords}
{"logTime": "1221/014825", "correlationVector":"rLD0EJ9oFlKZNS4LKeMHML.1","action":"SyncServerConnectionManagerRequest", "result":"SYNC_SERVER_OK", "context":{"environment":"Prod_SoutheastAsia_000j", "migrationStage":"NotStarted", "server":"GENERAL0300000E"}}
{"logTime": "1221/014825", "correlationVector":"rLD0EJ9oFlKZNS4LKeMHML.2","action":"Commit Response", "result":"SYNCER_OK", "context":Result: SYNCER_OK. cV=rLD0EJ9oFlKZNS4LKeMHML.0;server=GENERAL0300000E;cloudType=Consumer;environment=Prod_SoutheastAsia_000j;migrationStage=NotStarted}
{"logTime": "1221/014825", "correlationVector":"vwrzYbUMc4qYm3Ofq1PrBr","action":"Commit Request", "result":"", "context":Item count: 19
Contributing types: Passwords, Device Info}
{"logTime": "1221/014826", "correlationVector":"vwrzYbUMc4qYm3Ofq1PrBr.1","action":"SyncServerConnectionManagerRequest", "result":"SYNC_SERVER_OK", "context":{"environment":"Prod_SoutheastAsia_000j", "migrationStage":"NotStarted", "server":"GENERAL01000005"}}
{"logTime": "1221/014826", "correlationVector":"vwrzYbUMc4qYm3Ofq1PrBr.2","action":"Commit Response", "result":"SYNCER_OK", "context":Result: SYNCER_OK. cV=vwrzYbUMc4qYm3Ofq1PrBr.0;server=GENERAL01000005;cloudType=Consumer;environment=Prod_SoutheastAsia_000j;migrationStage=NotStarted}
{"logTime": "1221/014826", "correlationVector":"jU47xP0gwqIB6lsCPpzB96","action":"Commit Request", "result":"", "context":Item count: 19
Contributing types: Bookmarks, Typed URLs, Sessions}
{"logTime": "1221/014827", "correlationVector":"jU47xP0gwqIB6lsCPpzB96.1","action":"SyncServerConnectionManagerRequest", "result":"SYNC_SERVER_OK", "context":{"environment":"Prod_SoutheastAsia_000j", "migrationStage":"NotStarted", "server":"GENERAL0100000X"}}
{"logTime": "1221/014827", "correlationVector":"jU47xP0gwqIB6lsCPpzB96.2","action":"Commit Response", "result":"SYNCER_OK", "context":Result: SYNCER_OK. cV=jU47xP0gwqIB6lsCPpzB96.0;server=GENERAL0100000X;cloudType=Consumer;environment=Prod_SoutheastAsia_000j;migrationStage=NotStarted}
{"logTime": "1221/014832", "correlationVector":"QYntLgwxj4iDyGeLidsY0n","action":"Commit Request", "result":"", "context":Item count: 20
Contributing types: Passwords}
{"logTime": "1221/014833", "correlationVector":"QYntLgwxj4iDyGeLidsY0n.1","action":"SyncServerConnectionManagerRequest", "result":"SYNC_SERVER_OK", "context":{"environment":"Prod_SoutheastAsia_000j", "migrationStage":"NotStarted", "server":"GENERAL03000022"}}
{"logTime": "1221/014833", "correlationVector":"QYntLgwxj4iDyGeLidsY0n.2","action":"Commit Response", "result":"SYNCER_OK", "context":Result: SYNCER_OK. cV=QYntLgwxj4iDyGeLidsY0n.0;server=GENERAL03000022;cloudType=Consumer;environment=Prod_SoutheastAsia_000j;migrationStage=NotStarted}
{"logTime": "1221/014833", "correlationVector":"WyEyU2rAy66PWfJgkZyGjP","action":"Commit Request", "result":"", "context":Item count: 20
Contributing types: Passwords}
{"logTime": "1221/014834", "correlationVector":"WyEyU2rAy66PWfJgkZyGjP.1","action":"SyncServerConnectionManagerRequest", "result":"SYNC_SERVER_OK", "context":{"environment":"Prod_SoutheastAsia_000j", "migrationStage":"NotStarted", "server":"GENERAL0100001G"}}
{"logTime": "1221/014834", "correlationVector":"WyEyU2rAy66PWfJgkZyGjP.2","action":"Commit Response", "result":"SYNCER_OK", "context":Result: SYNCER_OK. cV=WyEyU2rAy66PWfJgkZyGjP.0;server=GENERAL0100001G;cloudType=Consumer;environment=Prod_SoutheastAsia_000j;migrationStage=NotStarted}
{"logTime": "1221/014834", "correlationVector":"WXsMrHQ+KEkUJXW+kiYnw4","action":"Commit Request", "result":"", "context":Item count: 20
Contributing types: Passwords}
{"logTime": "1221/014835", "correlationVector":"WXsMrHQ+KEkUJXW+kiYnw4.1","action":"SyncServerConnectionManagerRequest", "result":"SYNC_SERVER_OK", "context":{"environment":"Prod_SoutheastAsia_000j", "migrationStage":"NotStarted", "server":"GENERAL0300001J"}}
{"logTime": "1221/014835", "correlationVector":"WXsMrHQ+KEkUJXW+kiYnw4.2","action":"Commit Response", "result":"SYNCER_OK", "context":Result: SYNCER_OK. cV=WXsMrHQ+KEkUJXW+kiYnw4.0;server=GENERAL0300001J;cloudType=Consumer;environment=Prod_SoutheastAsia_000j;migrationStage=NotStarted}
{"logTime": "1221/014835", "correlationVector":"cV27vElr6e4a61Mx2nXc+S","action":"Commit Request", "result":"", "context":Item count: 18
Contributing types: Passwords}
{"logTime": "1221/014837", "correlationVector":"cV27vElr6e4a61Mx2nXc+S.1","action":"SyncServerConnectionManagerRequest", "result":"SYNC_SERVER_OK", "context":{"environment":"Prod_SoutheastAsia_000j", "migrationStage":"NotStarted", "server":"GENERAL03000004"}}
{"logTime": "1221/014837", "correlationVector":"cV27vElr6e4a61Mx2nXc+S.2","action":"Commit Response", "result":"SYNCER_OK", "context":Result: SYNCER_OK. cV=cV27vElr6e4a61Mx2nXc+S.0;server=GENERAL03000004;cloudType=Consumer;environment=Prod_SoutheastAsia_000j;migrationStage=NotStarted}
{"logTime": "1221/014837", "correlationVector":"c8JKmZ2umVBdCsgaEiSSO1","action":"Commit Request", "result":"", "context":Item count: 1
Contributing types: Preferences}
{"logTime": "1221/014837", "correlationVector":"c8JKmZ2umVBdCsgaEiSSO1.1","action":"SyncServerConnectionManagerRequest", "result":"SYNC_SERVER_OK", "context":{"environment":"Prod_SoutheastAsia_000j", "migrationStage":"NotStarted", "server":"GENERAL0300000A"}}
{"logTime": "1221/014837", "correlationVector":"c8JKmZ2umVBdCsgaEiSSO1.2","action":"Commit Response", "result":"SYNCER_OK", "context":Result: SYNCER_OK. cV=c8JKmZ2umVBdCsgaEiSSO1.0;server=GENERAL0300000A;cloudType=Consumer;environment=Prod_SoutheastAsia_000j;migrationStage=NotStarted}
{"logTime": "1221/015148", "correlationVector":"D9/hA/gESPJyv5bz6yIcEu","action":"Normal GetUpdate request", "result":"", "context":cV=D9/hA/gESPJyv5bz6yIcEu
Nudged types: Sessions
Notified types: Preferences}
{"logTime": "1221/015149", "correlationVector":"D9/hA/gESPJyv5bz6yIcEu.1","action":"SyncServerConnectionManagerRequest", "result":"SYNC_SERVER_OK", "context":{"environment":"Prod_SoutheastAsia_000j", "migrationStage":"NotStarted", "server":"GENERAL0300001S"}}
{"logTime": "1221/015149", "correlationVector":"D9/hA/gESPJyv5bz6yIcEu.2","action":"GetUpdates Response", "result":"SYNCER_OK", "context":Received 111 update(s). cV=D9/hA/gESPJyv5bz6yIcEu.0;server=GENERAL0300001S;cloudType=Consumer;environment=Prod_SoutheastAsia_000j;migrationStage=NotStarted}
{"logTime": "1221/015149", "correlationVector":"o7JPJu8l5x55YGiX4GLypr","action":"Commit Request", "result":"", "context":Item count: 1
Contributing types: Sessions}
{"logTime": "1221/015149", "correlationVector":"o7JPJu8l5x55YGiX4GLypr.1","action":"SyncServerConnectionManagerRequest", "result":"SYNC_SERVER_OK", "context":{"environment":"Prod_SoutheastAsia_000j", "migrationStage":"NotStarted", "server":"GENERAL03000006"}}
{"logTime": "1221/015149", "correlationVector":"o7JPJu8l5x55YGiX4GLypr.2","action":"Commit Response", "result":"SYNCER_OK", "context":Result: SYNCER_OK. cV=o7JPJu8l5x55YGiX4GLypr.0;server=GENERAL03000006;cloudType=Consumer;environment=Prod_SoutheastAsia_000j;migrationStage=NotStarted}
{"logTime": "1221/015214", "correlationVector":"38HUwan78u/VYveCkuf0kW","action":"Normal GetUpdate request", "result":"", "context":cV=38HUwan78u/VYveCkuf0kW
Nudged types: Sessions
Refresh requested types: Bookmarks, Preferences, Passwords, Autofill Profiles, Autofill, Autofill Custom Data, Typed URLs, Extensions, Sessions, Extension settings, History Delete Directives, Device Info, User Consents, Send Tab To Self, Web Apps, Collection, Edge E Drop, Edge Hub App Usage, Edge Wallet, Encryption Keys}
{"logTime": "1221/015214", "correlationVector":"38HUwan78u/VYveCkuf0kW.1","action":"SyncServerConnectionManagerRequest", "result":"SYNC_SERVER_OK", "context":{"environment":"Prod_SoutheastAsia_000j", "migrationStage":"NotStarted", "server":"GENERAL0100000H"}}
{"logTime": "1221/015214", "correlationVector":"38HUwan78u/VYveCkuf0kW.2","action":"GetUpdates Response", "result":"SYNCER_OK", "context":Received 1 update(s). cV=38HUwan78u/VYveCkuf0kW.0;server=GENERAL0100000H;cloudType=Consumer;environment=Prod_SoutheastAsia_000j;migrationStage=NotStarted}
